{"meta": {"format": 3, "version": "7.11.0", "timestamp": "2025-12-02T22:45:41.682584", "branch_coverage": false, "show_contexts": false}, "files": {"app\\__init__.py": {"executed_lines": [1, 5], "summary": {"covered_lines": 1, "num_statements": 1, "percent_covered": 100.0, "percent_covered_display": "100", "missing_lines": 0, "excluded_lines": 0}, "missing_lines": [], "excluded_lines": [], "functions": {"": {"executed_lines": [1, 5], "summary": {"covered_lines": 1, "num_statements": 1, "percent_covered": 100.0, "percent_covered_display": "100", "missing_lines": 0, "excluded_lines": 0}, "missing_lines": [], "excluded_lines": []}}, "classes": {"": {"executed_lines": [1, 5], "summary": {"covered_lines": 1, "num_statements": 1, "percent_covered": 100.0, "percent_covered_display": "100", "missing_lines": 0, "excluded_lines": 0}, "missing_lines": [], "excluded_lines": []}}}, "app\\api\\__init__.py": {"executed_lines": [1], "summary": {"covered_lines": 0, "num_statements": 0, "percent_covered": 100.0, "percent_covered_display": "100", "missing_lines": 0, "excluded_lines": 0}, "missing_lines": [], "excluded_lines": [], "functions": {"": {"executed_lines": [1], "summary": {"covered_lines": 0, "num_statements": 0, "percent_covered": 100.0, "percent_covered_display": "100", "missing_lines": 0, "excluded_lines": 0}, "missing_lines": [], "excluded_lines": []}}, "classes": {"": {"executed_lines": [1], "summary": {"covered_lines": 0, "num_statements": 0, "percent_covered": 100.0, "percent_covered_display": "100", "missing_lines": 0, "excluded_lines": 0}, "missing_lines": [], "excluded_lines": []}}}, "app\\api\\v1\\__init__.py": {"executed_lines": [1], "summary": {"covered_lines": 0, "num_statements": 0, "percent_covered": 100.0, "percent_covered_display": "100", "missing_lines": 0, "excluded_lines": 0}, "missing_lines": [], "excluded_lines": [], "functions": {"": {"executed_lines": [1], "summary": {"covered_lines": 0, "num_statements": 0, "percent_covered": 100.0, "percent_covered_display": "100", "missing_lines": 0, "excluded_lines": 0}, "missing_lines": [], "excluded_lines": []}}, "classes": {"": {"executed_lines": [1], "summary": {"covered_lines": 0, "num_statements": 0, "percent_covered": 100.0, "percent_covered_display": "100", "missing_lines": 0, "excluded_lines": 0}, "missing_lines": [], "excluded_lines": []}}}, "app\\api\\v1\\endpoints\\__init__.py": {"executed_lines": [1], "summary": {"covered_lines": 0, "num_statements": 0, "percent_covered": 100.0, "percent_covered_display": "100", "missing_lines": 0, "excluded_lines": 0}, "missing_lines": [], "excluded_lines": [], "functions": {"": {"executed_lines": [1], "summary": {"covered_lines": 0, "num_statements": 0, "percent_covered": 100.0, "percent_covered_display": "100", "missing_lines": 0, "excluded_lines": 0}, "missing_lines": [], "excluded_lines": []}}, "classes": {"": {"executed_lines": [1], "summary": {"covered_lines": 0, "num_statements": 0, "percent_covered": 100.0, "percent_covered_display": "100", "missing_lines": 0, "excluded_lines": 0}, "missing_lines": [], "excluded_lines": []}}}, "app\\api\\v1\\endpoints\\audit.py": {"executed_lines": [1, 4, 5, 6, 7, 8, 10, 11, 14, 15, 43, 44, 62, 63], "summary": {"covered_lines": 13, "num_statements": 29, "percent_covered": 44.827586206896555, "percent_covered_display": "45", "missing_lines": 16, "excluded_lines": 0}, "missing_lines": [25, 26, 28, 29, 30, 32, 40, 51, 52, 54, 55, 56, 58, 59, 70, 77], "excluded_lines": [], "functions": {"get_audit_logs": {"executed_lines": [], "summary": {"covered_lines": 0, "num_statements": 7, "percent_covered": 0.0, "percent_covered_display": "0", "missing_lines": 7, "excluded_lines": 0}, "missing_lines": [25, 26, 28, 29, 30, 32, 40], "excluded_lines": []}, "get_user_activity_summary": {"executed_lines": [], "summary": {"covered_lines": 0, "num_statements": 7, "percent_covered": 0.0, "percent_covered_display": "0", "missing_lines": 7, "excluded_lines": 0}, "missing_lines": [51, 52, 54, 55, 56, 58, 59], "excluded_lines": []}, "log_security_event": {"executed_lines": [], "summary": {"covered_lines": 0, "num_statements": 2, "percent_covered": 0.0, "percent_covered_display": "0", "missing_lines": 2, "excluded_lines": 0}, "missing_lines": [70, 77], "excluded_lines": []}, "": {"executed_lines": [1, 4, 5, 6, 7, 8, 10, 11, 14, 15, 43, 44, 62, 63], "summary": {"covered_lines": 13, "num_statements": 13, "percent_covered": 100.0, "percent_covered_display": "100", "missing_lines": 0, "excluded_lines": 0}, "missing_lines": [], "excluded_lines": []}}, "classes": {"": {"executed_lines": [1, 4, 5, 6, 7, 8, 10, 11, 14, 15, 43, 44, 62, 63], "summary": {"covered_lines": 13, "num_statements": 29, "percent_covered": 44.827586206896555, "percent_covered_display": "45", "missing_lines": 16, "excluded_lines": 0}, "missing_lines": [25, 26, 28, 29, 30, 32, 40, 51, 52, 54, 55, 56, 58, 59, 70, 77], "excluded_lines": []}}}, "app\\api\\v1\\endpoints\\auth.py": {"executed_lines": [1, 4, 5, 6, 7, 9, 10, 11, 19, 20, 21, 23, 24, 27, 28, 31, 63, 64, 69, 110, 111, 138, 139, 150, 151], "summary": {"covered_lines": 24, "num_statements": 62, "percent_covered": 38.70967741935484, "percent_covered_display": "39", "missing_lines": 38, "excluded_lines": 0}, "missing_lines": [32, 33, 38, 39, 40, 46, 47, 56, 57, 58, 60, 70, 71, 77, 78, 84, 85, 91, 94, 99, 100, 101, 103, 113, 114, 115, 120, 121, 124, 127, 131, 141, 142, 143, 147, 153, 154, 156], "excluded_lines": [], "functions": {"register": {"executed_lines": [31], "summary": {"covered_lines": 1, "num_statements": 12, "percent_covered": 8.333333333333334, "percent_covered_display": "8", "missing_lines": 11, "excluded_lines": 0}, "missing_lines": [32, 33, 38, 39, 40, 46, 47, 56, 57, 58, 60], "excluded_lines": []}, "login": {"executed_lines": [69], "summary": {"covered_lines": 1, "num_statements": 13, "percent_covered": 7.6923076923076925, "percent_covered_display": "8", "missing_lines": 12, "excluded_lines": 0}, "missing_lines": [70, 71, 77, 78, 84, 85, 91, 94, 99, 100, 101, 103], "excluded_lines": []}, "refresh_token": {"executed_lines": [], "summary": {"covered_lines": 0, "num_statements": 8, "percent_covered": 0.0, "percent_covered_display": "0", "missing_lines": 8, "excluded_lines": 0}, "missing_lines": [113, 114, 115, 120, 121, 124, 127, 131], "excluded_lines": []}, "get_current_user_info": {"executed_lines": [], "summary": {"covered_lines": 0, "num_statements": 4, "percent_covered": 0.0, "percent_covered_display": "0", "missing_lines": 4, "excluded_lines": 0}, "missing_lines": [141, 142, 143, 147], "excluded_lines": []}, "get_user_permissions": {"executed_lines": [], "summary": {"covered_lines": 0, "num_statements": 3, "percent_covered": 0.0, "percent_covered_display": "0", "missing_lines": 3, "excluded_lines": 0}, "missing_lines": [153, 154, 156], "excluded_lines": []}, "": {"executed_lines": [1, 4, 5, 6, 7, 9, 10, 11, 19, 20, 21, 23, 24, 27, 28, 63, 64, 110, 111, 138, 139, 150, 151], "summary": {"covered_lines": 22, "num_statements": 22, "percent_covered": 100.0, "percent_covered_display": "100", "missing_lines": 0, "excluded_lines": 0}, "missing_lines": [], "excluded_lines": []}}, "classes": {"": {"executed_lines": [1, 4, 5, 6, 7, 9, 10, 11, 19, 20, 21, 23, 24, 27, 28, 31, 63, 64, 69, 110, 111, 138, 139, 150, 151], "summary": {"covered_lines": 24, "num_statements": 62, "percent_covered": 38.70967741935484, "percent_covered_display": "39", "missing_lines": 38, "excluded_lines": 0}, "missing_lines": [32, 33, 38, 39, 40, 46, 47, 56, 57, 58, 60, 70, 71, 77, 78, 84, 85, 91, 94, 99, 100, 101, 103, 113, 114, 115, 120, 121, 124, 127, 131, 141, 142, 143, 147, 153, 154, 156], "excluded_lines": []}}}, "app\\api\\v1\\endpoints\\cds.py": {"executed_lines": [1, 4, 5, 6, 7, 9, 10, 11, 12, 13, 14, 15, 16, 18, 21, 22, 24, 25, 28, 31, 32, 34, 35, 38, 39, 41, 42, 45, 46, 48, 49, 52, 53, 55, 56, 59, 60, 62, 63, 68, 69, 71, 72, 75, 76, 84, 85, 93, 94, 109, 110, 125, 126, 141, 142, 157, 158, 174, 175, 181, 182, 183, 186], "summary": {"covered_lines": 56, "num_statements": 95, "percent_covered": 58.94736842105263, "percent_covered_display": "59", "missing_lines": 39, "excluded_lines": 0}, "missing_lines": [77, 78, 79, 82, 87, 88, 96, 97, 98, 101, 103, 104, 112, 113, 114, 117, 119, 120, 128, 129, 130, 133, 135, 136, 144, 145, 146, 149, 151, 152, 160, 161, 162, 165, 166, 168, 169, 188, 189], "excluded_lines": [], "functions": {"predict_risk": {"executed_lines": [71, 72, 75, 76, 84, 85], "summary": {"covered_lines": 6, "num_statements": 12, "percent_covered": 50.0, "percent_covered_display": "50", "missing_lines": 6, "excluded_lines": 0}, "missing_lines": [77, 78, 79, 82, 87, 88], "excluded_lines": []}, "recommend_treatment": {"executed_lines": [], "summary": {"covered_lines": 0, "num_statements": 6, "percent_covered": 0.0, "percent_covered_display": "0", "missing_lines": 6, "excluded_lines": 0}, "missing_lines": [96, 97, 98, 101, 103, 104], "excluded_lines": []}, "calculate_prognostic_score": {"executed_lines": [], "summary": {"covered_lines": 0, "num_statements": 6, "percent_covered": 0.0, "percent_covered_display": "0", "missing_lines": 6, "excluded_lines": 0}, "missing_lines": [112, 113, 114, 117, 119, 120], "excluded_lines": []}, "suggest_nanosystem": {"executed_lines": [], "summary": {"covered_lines": 0, "num_statements": 6, "percent_covered": 0.0, "percent_covered_display": "0", "missing_lines": 6, "excluded_lines": 0}, "missing_lines": [128, 129, 130, 133, 135, 136], "excluded_lines": []}, "match_clinical_trials": {"executed_lines": [], "summary": {"covered_lines": 0, "num_statements": 6, "percent_covered": 0.0, "percent_covered_display": "0", "missing_lines": 6, "excluded_lines": 0}, "missing_lines": [144, 145, 146, 149, 151, 152], "excluded_lines": []}, "check_monitoring_alerts": {"executed_lines": [], "summary": {"covered_lines": 0, "num_statements": 7, "percent_covered": 0.0, "percent_covered_display": "0", "missing_lines": 7, "excluded_lines": 0}, "missing_lines": [160, 161, 162, 165, 166, 168, 169], "excluded_lines": []}, "search_clinical_trials": {"executed_lines": [181, 182, 183, 186], "summary": {"covered_lines": 4, "num_statements": 6, "percent_covered": 66.66666666666667, "percent_covered_display": "67", "missing_lines": 2, "excluded_lines": 0}, "missing_lines": [188, 189], "excluded_lines": []}, "": {"executed_lines": [1, 4, 5, 6, 7, 9, 10, 11, 12, 13, 14, 15, 16, 18, 21, 22, 24, 25, 28, 31, 32, 34, 35, 38, 39, 41, 42, 45, 46, 48, 49, 52, 53, 55, 56, 59, 60, 62, 63, 68, 69, 93, 94, 109, 110, 125, 126, 141, 142, 157, 158, 174, 175], "summary": {"covered_lines": 46, "num_statements": 46, "percent_covered": 100.0, "percent_covered_display": "100", "missing_lines": 0, "excluded_lines": 0}, "missing_lines": [], "excluded_lines": []}}, "classes": {"RiskPredictionRequest": {"executed_lines": [], "summary": {"covered_lines": 0, "num_statements": 0, "percent_covered": 100.0, "percent_covered_display": "100", "missing_lines": 0, "excluded_lines": 0}, "missing_lines": [], "excluded_lines": []}, "TreatmentRecommendationRequest": {"executed_lines": [], "summary": {"covered_lines": 0, "num_statements": 0, "percent_covered": 100.0, "percent_covered_display": "100", "missing_lines": 0, "excluded_lines": 0}, "missing_lines": [], "excluded_lines": []}, "PrognosticScoreRequest": {"executed_lines": [], "summary": {"covered_lines": 0, "num_statements": 0, "percent_covered": 100.0, "percent_covered_display": "100", "missing_lines": 0, "excluded_lines": 0}, "missing_lines": [], "excluded_lines": []}, "NanosystemDesignRequest": {"executed_lines": [], "summary": {"covered_lines": 0, "num_statements": 0, "percent_covered": 100.0, "percent_covered_display": "100", "missing_lines": 0, "excluded_lines": 0}, "missing_lines": [], "excluded_lines": []}, "ClinicalTrialMatchRequest": {"executed_lines": [], "summary": {"covered_lines": 0, "num_statements": 0, "percent_covered": 100.0, "percent_covered_display": "100", "missing_lines": 0, "excluded_lines": 0}, "missing_lines": [], "excluded_lines": []}, "MonitoringAlertRequest": {"executed_lines": [], "summary": {"covered_lines": 0, "num_statements": 0, "percent_covered": 100.0, "percent_covered_display": "100", "missing_lines": 0, "excluded_lines": 0}, "missing_lines": [], "excluded_lines": []}, "": {"executed_lines": [1, 4, 5, 6, 7, 9, 10, 11, 12, 13, 14, 15, 16, 18, 21, 22, 24, 25, 28, 31, 32, 34, 35, 38, 39, 41, 42, 45, 46, 48, 49, 52, 53, 55, 56, 59, 60, 62, 63, 68, 69, 71, 72, 75, 76, 84, 85, 93, 94, 109, 110, 125, 126, 141, 142, 157, 158, 174, 175, 181, 182, 183, 186], "summary": {"covered_lines": 56, "num_statements": 95, "percent_covered": 58.94736842105263, "percent_covered_display": "59", "missing_lines": 39, "excluded_lines": 0}, "missing_lines": [77, 78, 79, 82, 87, 88, 96, 97, 98, 101, 103, 104, 112, 113, 114, 117, 119, 120, 128, 129, 130, 133, 135, 136, 144, 145, 146, 149, 151, 152, 160, 161, 162, 165, 166, 168, 169, 188, 189], "excluded_lines": []}}}, "app\\api\\v1\\endpoints\\data_collection.py": {"executed_lines": [1, 4, 5, 6, 7, 9, 10, 11, 12, 13, 15, 18, 19, 21, 22, 25, 28, 33, 34, 36, 37, 38, 39, 40, 41, 44, 45, 47, 50, 51, 87, 88, 113, 114, 143, 144, 157, 158], "summary": {"covered_lines": 34, "num_statements": 79, "percent_covered": 43.037974683544306, "percent_covered_display": "43", "missing_lines": 45, "excluded_lines": 0}, "missing_lines": [57, 59, 67, 74, 83, 84, 90, 91, 94, 95, 96, 97, 99, 102, 103, 105, 107, 108, 121, 122, 124, 125, 126, 127, 128, 130, 133, 135, 136, 137, 138, 146, 147, 148, 149, 151, 152, 160, 161, 163, 164, 165, 167, 172, 173], "excluded_lines": [], "functions": {"collect_data": {"executed_lines": [], "summary": {"covered_lines": 0, "num_statements": 6, "percent_covered": 0.0, "percent_covered_display": "0", "missing_lines": 6, "excluded_lines": 0}, "missing_lines": [57, 59, 67, 74, 83, 84], "excluded_lines": []}, "assess_data_quality": {"executed_lines": [], "summary": {"covered_lines": 0, "num_statements": 12, "percent_covered": 0.0, "percent_covered_display": "0", "missing_lines": 12, "excluded_lines": 0}, "missing_lines": [90, 91, 94, 95, 96, 97, 99, 102, 103, 105, 107, 108], "excluded_lines": []}, "get_metadata": {"executed_lines": [], "summary": {"covered_lines": 0, "num_statements": 13, "percent_covered": 0.0, "percent_covered_display": "0", "missing_lines": 13, "excluded_lines": 0}, "missing_lines": [121, 122, 124, 125, 126, 127, 128, 130, 133, 135, 136, 137, 138], "excluded_lines": []}, "get_metadata_statistics": {"executed_lines": [], "summary": {"covered_lines": 0, "num_statements": 6, "percent_covered": 0.0, "percent_covered_display": "0", "missing_lines": 6, "excluded_lines": 0}, "missing_lines": [146, 147, 148, 149, 151, 152], "excluded_lines": []}, "deidentify_data": {"executed_lines": [], "summary": {"covered_lines": 0, "num_statements": 8, "percent_covered": 0.0, "percent_covered_display": "0", "missing_lines": 8, "excluded_lines": 0}, "missing_lines": [160, 161, 163, 164, 165, 167, 172, 173], "excluded_lines": []}, "": {"executed_lines": [1, 4, 5, 6, 7, 9, 10, 11, 12, 13, 15, 18, 19, 21, 22, 25, 28, 33, 34, 36, 37, 38, 39, 40, 41, 44, 45, 47, 50, 51, 87, 88, 113, 114, 143, 144, 157, 158], "summary": {"covered_lines": 34, "num_statements": 34, "percent_covered": 100.0, "percent_covered_display": "100", "missing_lines": 0, "excluded_lines": 0}, "missing_lines": [], "excluded_lines": []}}, "classes": {"CollectDataRequest": {"executed_lines": [], "summary": {"covered_lines": 0, "num_statements": 0, "percent_covered": 100.0, "percent_covered_display": "100", "missing_lines": 0, "excluded_lines": 0}, "missing_lines": [], "excluded_lines": []}, "CollectDataResponse": {"executed_lines": [], "summary": {"covered_lines": 0, "num_statements": 0, "percent_covered": 100.0, "percent_covered_display": "100", "missing_lines": 0, "excluded_lines": 0}, "missing_lines": [], "excluded_lines": []}, "QualityAssessmentRequest": {"executed_lines": [], "summary": {"covered_lines": 0, "num_statements": 0, "percent_covered": 100.0, "percent_covered_display": "100", "missing_lines": 0, "excluded_lines": 0}, "missing_lines": [], "excluded_lines": []}, "": {"executed_lines": [1, 4, 5, 6, 7, 9, 10, 11, 12, 13, 15, 18, 19, 21, 22, 25, 28, 33, 34, 36, 37, 38, 39, 40, 41, 44, 45, 47, 50, 51, 87, 88, 113, 114, 143, 144, 157, 158], "summary": {"covered_lines": 34, "num_statements": 79, "percent_covered": 43.037974683544306, "percent_covered_display": "43", "missing_lines": 45, "excluded_lines": 0}, "missing_lines": [57, 59, 67, 74, 83, 84, 90, 91, 94, 95, 96, 97, 99, 102, 103, 105, 107, 108, 121, 122, 124, 125, 126, 127, 128, 130, 133, 135, 136, 137, 138, 146, 147, 148, 149, 151, 152, 160, 161, 163, 164, 165, 167, 172, 173], "excluded_lines": []}}}, "app\\api\\v1\\endpoints\\data_integration.py": {"executed_lines": [1, 4, 5, 6, 7, 8, 10, 11, 12, 13, 14, 16, 19, 20, 22, 23, 24, 28, 33, 34, 36, 37, 38, 39, 40, 45, 46, 48, 49, 50, 51, 54, 60, 61, 110, 111, 165, 166, 216, 217, 246, 247, 260, 261], "summary": {"covered_lines": 40, "num_statements": 124, "percent_covered": 32.25806451612903, "percent_covered_display": "32", "missing_lines": 84, "excluded_lines": 0}, "missing_lines": [63, 64, 67, 68, 70, 72, 73, 75, 78, 79, 84, 92, 95, 96, 98, 106, 107, 113, 114, 117, 120, 121, 123, 125, 126, 128, 130, 131, 132, 134, 135, 136, 139, 147, 148, 152, 159, 160, 168, 169, 172, 173, 176, 177, 185, 186, 188, 189, 190, 191, 192, 193, 195, 197, 200, 204, 210, 211, 223, 224, 225, 227, 229, 230, 231, 232, 233, 234, 236, 238, 240, 241, 249, 250, 251, 252, 254, 255, 263, 264, 265, 266, 268, 269], "excluded_lines": [], "functions": {"integrate_data": {"executed_lines": [], "summary": {"covered_lines": 0, "num_statements": 17, "percent_covered": 0.0, "percent_covered_display": "0", "missing_lines": 17, "excluded_lines": 0}, "missing_lines": [63, 64, 67, 68, 70, 72, 73, 75, 78, 79, 84, 92, 95, 96, 98, 106, 107], "excluded_lines": []}, "engineer_features": {"executed_lines": [], "summary": {"covered_lines": 0, "num_statements": 21, "percent_covered": 0.0, "percent_covered_display": "0", "missing_lines": 21, "excluded_lines": 0}, "missing_lines": [113, 114, 117, 120, 121, 123, 125, 126, 128, 130, 131, 132, 134, 135, 136, 139, 147, 148, 152, 159, 160], "excluded_lines": []}, "augment_data": {"executed_lines": [], "summary": {"covered_lines": 0, "num_statements": 20, "percent_covered": 0.0, "percent_covered_display": "0", "missing_lines": 20, "excluded_lines": 0}, "missing_lines": [168, 169, 172, 173, 176, 177, 185, 186, 188, 189, 190, 191, 192, 193, 195, 197, 200, 204, 210, 211], "excluded_lines": []}, "load_to_warehouse": {"executed_lines": [], "summary": {"covered_lines": 0, "num_statements": 14, "percent_covered": 0.0, "percent_covered_display": "0", "missing_lines": 14, "excluded_lines": 0}, "missing_lines": [223, 224, 225, 227, 229, 230, 231, 232, 233, 234, 236, 238, 240, 241], "excluded_lines": []}, "query_warehouse": {"executed_lines": [], "summary": {"covered_lines": 0, "num_statements": 6, "percent_covered": 0.0, "percent_covered_display": "0", "missing_lines": 6, "excluded_lines": 0}, "missing_lines": [249, 250, 251, 252, 254, 255], "excluded_lines": []}, "get_warehouse_statistics": {"executed_lines": [], "summary": {"covered_lines": 0, "num_statements": 6, "percent_covered": 0.0, "percent_covered_display": "0", "missing_lines": 6, "excluded_lines": 0}, "missing_lines": [263, 264, 265, 266, 268, 269], "excluded_lines": []}, "": {"executed_lines": [1, 4, 5, 6, 7, 8, 10, 11, 12, 13, 14, 16, 19, 20, 22, 23, 24, 28, 33, 34, 36, 37, 38, 39, 40, 45, 46, 48, 49, 50, 51, 54, 60, 61, 110, 111, 165, 166, 216, 217, 246, 247, 260, 261], "summary": {"covered_lines": 40, "num_statements": 40, "percent_covered": 100.0, "percent_covered_display": "100", "missing_lines": 0, "excluded_lines": 0}, "missing_lines": [], "excluded_lines": []}}, "classes": {"IntegrateDataRequest": {"executed_lines": [], "summary": {"covered_lines": 0, "num_statements": 0, "percent_covered": 100.0, "percent_covered_display": "100", "missing_lines": 0, "excluded_lines": 0}, "missing_lines": [], "excluded_lines": []}, "FeatureEngineeringRequest": {"executed_lines": [], "summary": {"covered_lines": 0, "num_statements": 0, "percent_covered": 100.0, "percent_covered_display": "100", "missing_lines": 0, "excluded_lines": 0}, "missing_lines": [], "excluded_lines": []}, "AugmentDataRequest": {"executed_lines": [], "summary": {"covered_lines": 0, "num_statements": 0, "percent_covered": 100.0, "percent_covered_display": "100", "missing_lines": 0, "excluded_lines": 0}, "missing_lines": [], "excluded_lines": []}, "": {"executed_lines": [1, 4, 5, 6, 7, 8, 10, 11, 12, 13, 14, 16, 19, 20, 22, 23, 24, 28, 33, 34, 36, 37, 38, 39, 40, 45, 46, 48, 49, 50, 51, 54, 60, 61, 110, 111, 165, 166, 216, 217, 246, 247, 260, 261], "summary": {"covered_lines": 40, "num_statements": 124, "percent_covered": 32.25806451612903, "percent_covered_display": "32", "missing_lines": 84, "excluded_lines": 0}, "missing_lines": [63, 64, 67, 68, 70, 72, 73, 75, 78, 79, 84, 92, 95, 96, 98, 106, 107, 113, 114, 117, 120, 121, 123, 125, 126, 128, 130, 131, 132, 134, 135, 136, 139, 147, 148, 152, 159, 160, 168, 169, 172, 173, 176, 177, 185, 186, 188, 189, 190, 191, 192, 193, 195, 197, 200, 204, 210, 211, 223, 224, 225, 227, 229, 230, 231, 232, 233, 234, 236, 238, 240, 241, 249, 250, 251, 252, 254, 255, 263, 264, 265, 266, 268, 269], "excluded_lines": []}}}, "app\\api\\v1\\endpoints\\health.py": {"executed_lines": [1, 4, 5, 6, 7, 8, 10, 11, 14, 15, 17, 23, 24, 29, 30, 35, 36, 43, 44], "summary": {"covered_lines": 18, "num_statements": 25, "percent_covered": 72.0, "percent_covered_display": "72", "missing_lines": 7, "excluded_lines": 0}, "missing_lines": [26, 32, 40, 46, 54, 55, 61], "excluded_lines": [], "functions": {"health": {"executed_lines": [17], "summary": {"covered_lines": 1, "num_statements": 1, "percent_covered": 100.0, "percent_covered_display": "100", "missing_lines": 0, "excluded_lines": 0}, "missing_lines": [], "excluded_lines": []}, "liveness": {"executed_lines": [], "summary": {"covered_lines": 0, "num_statements": 1, "percent_covered": 0.0, "percent_covered_display": "0", "missing_lines": 1, "excluded_lines": 0}, "missing_lines": [26], "excluded_lines": []}, "readiness": {"executed_lines": [], "summary": {"covered_lines": 0, "num_statements": 1, "percent_covered": 0.0, "percent_covered_display": "0", "missing_lines": 1, "excluded_lines": 0}, "missing_lines": [32], "excluded_lines": []}, "detailed_health": {"executed_lines": [], "summary": {"covered_lines": 0, "num_statements": 1, "percent_covered": 0.0, "percent_covered_display": "0", "missing_lines": 1, "excluded_lines": 0}, "missing_lines": [40], "excluded_lines": []}, "check_service": {"executed_lines": [], "summary": {"covered_lines": 0, "num_statements": 4, "percent_covered": 0.0, "percent_covered_display": "0", "missing_lines": 4, "excluded_lines": 0}, "missing_lines": [46, 54, 55, 61], "excluded_lines": []}, "": {"executed_lines": [1, 4, 5, 6, 7, 8, 10, 11, 14, 15, 23, 24, 29, 30, 35, 36, 43, 44], "summary": {"covered_lines": 17, "num_statements": 17, "percent_covered": 100.0, "percent_covered_display": "100", "missing_lines": 0, "excluded_lines": 0}, "missing_lines": [], "excluded_lines": []}}, "classes": {"": {"executed_lines": [1, 4, 5, 6, 7, 8, 10, 11, 14, 15, 17, 23, 24, 29, 30, 35, 36, 43, 44], "summary": {"covered_lines": 18, "num_statements": 25, "percent_covered": 72.0, "percent_covered_display": "72", "missing_lines": 7, "excluded_lines": 0}, "missing_lines": [26, 32, 40, 46, 54, 55, 61], "excluded_lines": []}}}, "app\\api\\v1\\endpoints\\maintenance.py": {"executed_lines": [1, 4, 5, 6, 7, 8, 9, 15, 17, 18, 19, 20, 21, 24, 25, 39, 40, 50, 51, 64, 65, 78, 79, 89, 90, 108, 109, 123, 124, 132, 133, 147, 148, 162, 163], "summary": {"covered_lines": 34, "num_statements": 77, "percent_covered": 44.15584415584416, "percent_covered_display": "44", "missing_lines": 43, "excluded_lines": 0}, "missing_lines": [31, 32, 33, 35, 36, 42, 43, 44, 46, 47, 56, 57, 58, 60, 61, 70, 71, 72, 74, 75, 81, 82, 83, 85, 86, 98, 105, 117, 120, 126, 127, 128, 129, 139, 142, 143, 144, 154, 157, 158, 159, 165, 166], "excluded_lines": [], "functions": {"get_system_health": {"executed_lines": [], "summary": {"covered_lines": 0, "num_statements": 5, "percent_covered": 0.0, "percent_covered_display": "0", "missing_lines": 5, "excluded_lines": 0}, "missing_lines": [31, 32, 33, 35, 36], "excluded_lines": []}, "collect_metrics": {"executed_lines": [], "summary": {"covered_lines": 0, "num_statements": 5, "percent_covered": 0.0, "percent_covered_display": "0", "missing_lines": 5, "excluded_lines": 0}, "missing_lines": [42, 43, 44, 46, 47], "excluded_lines": []}, "get_performance_analysis": {"executed_lines": [], "summary": {"covered_lines": 0, "num_statements": 5, "percent_covered": 0.0, "percent_covered_display": "0", "missing_lines": 5, "excluded_lines": 0}, "missing_lines": [56, 57, 58, 60, 61], "excluded_lines": []}, "get_bottlenecks": {"executed_lines": [], "summary": {"covered_lines": 0, "num_statements": 5, "percent_covered": 0.0, "percent_covered_display": "0", "missing_lines": 5, "excluded_lines": 0}, "missing_lines": [70, 71, 72, 74, 75], "excluded_lines": []}, "get_recommendations": {"executed_lines": [], "summary": {"covered_lines": 0, "num_statements": 5, "percent_covered": 0.0, "percent_covered_display": "0", "missing_lines": 5, "excluded_lines": 0}, "missing_lines": [81, 82, 83, 85, 86], "excluded_lines": []}, "create_issue": {"executed_lines": [], "summary": {"covered_lines": 0, "num_statements": 2, "percent_covered": 0.0, "percent_covered_display": "0", "missing_lines": 2, "excluded_lines": 0}, "missing_lines": [98, 105], "excluded_lines": []}, "list_issues": {"executed_lines": [], "summary": {"covered_lines": 0, "num_statements": 2, "percent_covered": 0.0, "percent_covered_display": "0", "missing_lines": 2, "excluded_lines": 0}, "missing_lines": [117, 120], "excluded_lines": []}, "get_issue": {"executed_lines": [], "summary": {"covered_lines": 0, "num_statements": 4, "percent_covered": 0.0, "percent_covered_display": "0", "missing_lines": 4, "excluded_lines": 0}, "missing_lines": [126, 127, 128, 129], "excluded_lines": []}, "update_issue_status": {"executed_lines": [], "summary": {"covered_lines": 0, "num_statements": 4, "percent_covered": 0.0, "percent_covered_display": "0", "missing_lines": 4, "excluded_lines": 0}, "missing_lines": [139, 142, 143, 144], "excluded_lines": []}, "add_comment": {"executed_lines": [], "summary": {"covered_lines": 0, "num_statements": 4, "percent_covered": 0.0, "percent_covered_display": "0", "missing_lines": 4, "excluded_lines": 0}, "missing_lines": [154, 157, 158, 159], "excluded_lines": []}, "get_issue_statistics": {"executed_lines": [], "summary": {"covered_lines": 0, "num_statements": 2, "percent_covered": 0.0, "percent_covered_display": "0", "missing_lines": 2, "excluded_lines": 0}, "missing_lines": [165, 166], "excluded_lines": []}, "": {"executed_lines": [1, 4, 5, 6, 7, 8, 9, 15, 17, 18, 19, 20, 21, 24, 25, 39, 40, 50, 51, 64, 65, 78, 79, 89, 90, 108, 109, 123, 124, 132, 133, 147, 148, 162, 163], "summary": {"covered_lines": 34, "num_statements": 34, "percent_covered": 100.0, "percent_covered_display": "100", "missing_lines": 0, "excluded_lines": 0}, "missing_lines": [], "excluded_lines": []}}, "classes": {"": {"executed_lines": [1, 4, 5, 6, 7, 8, 9, 15, 17, 18, 19, 20, 21, 24, 25, 39, 40, 50, 51, 64, 65, 78, 79, 89, 90, 108, 109, 123, 124, 132, 133, 147, 148, 162, 163], "summary": {"covered_lines": 34, "num_statements": 77, "percent_covered": 44.15584415584416, "percent_covered_display": "44", "missing_lines": 43, "excluded_lines": 0}, "missing_lines": [31, 32, 33, 35, 36, 42, 43, 44, 46, 47, 56, 57, 58, 60, 61, 70, 71, 72, 74, 75, 81, 82, 83, 85, 86, 98, 105, 117, 120, 126, 127, 128, 129, 139, 142, 143, 144, 154, 157, 158, 159, 165, 166], "excluded_lines": []}}}, "app\\api\\v1\\endpoints\\ml_models.py": {"executed_lines": [1, 4, 5, 6, 7, 8, 9, 11, 12, 13, 14, 15, 17, 20, 21, 23, 24, 25, 29, 30, 31, 36, 37, 39, 40, 41, 46, 47, 49, 50, 51, 56, 57, 121, 122, 187, 188, 214, 215, 247, 248, 280, 281, 300, 301, 328, 329], "summary": {"covered_lines": 43, "num_statements": 163, "percent_covered": 26.380368098159508, "percent_covered_display": "26", "missing_lines": 120, "excluded_lines": 0}, "missing_lines": [59, 61, 64, 67, 75, 85, 90, 91, 92, 93, 94, 96, 110, 117, 118, 124, 125, 126, 128, 129, 132, 138, 140, 141, 142, 143, 144, 145, 146, 147, 148, 149, 150, 152, 154, 157, 159, 160, 161, 162, 165, 166, 168, 176, 177, 178, 179, 181, 183, 184, 190, 191, 192, 194, 195, 201, 206, 208, 209, 221, 223, 224, 227, 228, 229, 231, 232, 233, 234, 237, 239, 241, 242, 250, 252, 253, 256, 257, 258, 260, 261, 262, 264, 265, 268, 270, 272, 273, 274, 275, 283, 284, 285, 287, 288, 290, 292, 293, 294, 295, 307, 308, 309, 311, 312, 317, 318, 320, 322, 323, 331, 332, 333, 335, 336, 341, 342, 344, 346, 347], "excluded_lines": [], "functions": {"train_model": {"executed_lines": [], "summary": {"covered_lines": 0, "num_statements": 15, "percent_covered": 0.0, "percent_covered_display": "0", "missing_lines": 15, "excluded_lines": 0}, "missing_lines": [59, 61, 64, 67, 75, 85, 90, 91, 92, 93, 94, 96, 110, 117, 118], "excluded_lines": []}, "predict": {"executed_lines": [], "summary": {"covered_lines": 0, "num_statements": 35, "percent_covered": 0.0, "percent_covered_display": "0", "missing_lines": 35, "excluded_lines": 0}, "missing_lines": [124, 125, 126, 128, 129, 132, 138, 140, 141, 142, 143, 144, 145, 146, 147, 148, 149, 150, 152, 154, 157, 159, 160, 161, 162, 165, 166, 168, 176, 177, 178, 179, 181, 183, 184], "excluded_lines": []}, "batch_predict": {"executed_lines": [], "summary": {"covered_lines": 0, "num_statements": 9, "percent_covered": 0.0, "percent_covered_display": "0", "missing_lines": 9, "excluded_lines": 0}, "missing_lines": [190, 191, 192, 194, 195, 201, 206, 208, 209], "excluded_lines": []}, "list_models": {"executed_lines": [], "summary": {"covered_lines": 0, "num_statements": 14, "percent_covered": 0.0, "percent_covered_display": "0", "missing_lines": 14, "excluded_lines": 0}, "missing_lines": [221, 223, 224, 227, 228, 229, 231, 232, 233, 234, 237, 239, 241, 242], "excluded_lines": []}, "get_model_info": {"executed_lines": [], "summary": {"covered_lines": 0, "num_statements": 17, "percent_covered": 0.0, "percent_covered_display": "0", "missing_lines": 17, "excluded_lines": 0}, "missing_lines": [250, 252, 253, 256, 257, 258, 260, 261, 262, 264, 265, 268, 270, 272, 273, 274, 275], "excluded_lines": []}, "get_best_model": {"executed_lines": [], "summary": {"covered_lines": 0, "num_statements": 10, "percent_covered": 0.0, "percent_covered_display": "0", "missing_lines": 10, "excluded_lines": 0}, "missing_lines": [283, 284, 285, 287, 288, 290, 292, 293, 294, 295], "excluded_lines": []}, "explain_prediction": {"executed_lines": [], "summary": {"covered_lines": 0, "num_statements": 10, "percent_covered": 0.0, "percent_covered_display": "0", "missing_lines": 10, "excluded_lines": 0}, "missing_lines": [307, 308, 309, 311, 312, 317, 318, 320, 322, 323], "excluded_lines": []}, "get_explanation_report": {"executed_lines": [], "summary": {"covered_lines": 0, "num_statements": 10, "percent_covered": 0.0, "percent_covered_display": "0", "missing_lines": 10, "excluded_lines": 0}, "missing_lines": [331, 332, 333, 335, 336, 341, 342, 344, 346, 347], "excluded_lines": []}, "": {"executed_lines": [1, 4, 5, 6, 7, 8, 9, 11, 12, 13, 14, 15, 17, 20, 21, 23, 24, 25, 29, 30, 31, 36, 37, 39, 40, 41, 46, 47, 49, 50, 51, 56, 57, 121, 122, 187, 188, 214, 215, 247, 248, 280, 281, 300, 301, 328, 329], "summary": {"covered_lines": 43, "num_statements": 43, "percent_covered": 100.0, "percent_covered_display": "100", "missing_lines": 0, "excluded_lines": 0}, "missing_lines": [], "excluded_lines": []}}, "classes": {"TrainModelRequest": {"executed_lines": [], "summary": {"covered_lines": 0, "num_statements": 0, "percent_covered": 100.0, "percent_covered_display": "100", "missing_lines": 0, "excluded_lines": 0}, "missing_lines": [], "excluded_lines": []}, "PredictRequest": {"executed_lines": [], "summary": {"covered_lines": 0, "num_statements": 0, "percent_covered": 100.0, "percent_covered_display": "100", "missing_lines": 0, "excluded_lines": 0}, "missing_lines": [], "excluded_lines": []}, "BatchPredictRequest": {"executed_lines": [], "summary": {"covered_lines": 0, "num_statements": 0, "percent_covered": 100.0, "percent_covered_display": "100", "missing_lines": 0, "excluded_lines": 0}, "missing_lines": [], "excluded_lines": []}, "": {"executed_lines": [1, 4, 5, 6, 7, 8, 9, 11, 12, 13, 14, 15, 17, 20, 21, 23, 24, 25, 29, 30, 31, 36, 37, 39, 40, 41, 46, 47, 49, 50, 51, 56, 57, 121, 122, 187, 188, 214, 215, 247, 248, 280, 281, 300, 301, 328, 329], "summary": {"covered_lines": 43, "num_statements": 163, "percent_covered": 26.380368098159508, "percent_covered_display": "26", "missing_lines": 120, "excluded_lines": 0}, "missing_lines": [59, 61, 64, 67, 75, 85, 90, 91, 92, 93, 94, 96, 110, 117, 118, 124, 125, 126, 128, 129, 132, 138, 140, 141, 142, 143, 144, 145, 146, 147, 148, 149, 150, 152, 154, 157, 159, 160, 161, 162, 165, 166, 168, 176, 177, 178, 179, 181, 183, 184, 190, 191, 192, 194, 195, 201, 206, 208, 209, 221, 223, 224, 227, 228, 229, 231, 232, 233, 234, 237, 239, 241, 242, 250, 252, 253, 256, 257, 258, 260, 261, 262, 264, 265, 268, 270, 272, 273, 274, 275, 283, 284, 285, 287, 288, 290, 292, 293, 294, 295, 307, 308, 309, 311, 312, 317, 318, 320, 322, 323, 331, 332, 333, 335, 336, 341, 342, 344, 346, 347], "excluded_lines": []}}}, "app\\api\\v1\\endpoints\\patients.py": {"executed_lines": [1, 4, 5, 6, 7, 8, 9, 10, 12, 13, 16, 17, 38, 39, 60, 61], "summary": {"covered_lines": 15, "num_statements": 36, "percent_covered": 41.666666666666664, "percent_covered_display": "42", "missing_lines": 21, "excluded_lines": 0}, "missing_lines": [22, 25, 26, 27, 30, 33, 35, 42, 45, 46, 47, 50, 51, 52, 55, 57, 63, 64, 65, 66, 67], "excluded_lines": [], "functions": {"get_patients": {"executed_lines": [], "summary": {"covered_lines": 0, "num_statements": 7, "percent_covered": 0.0, "percent_covered_display": "0", "missing_lines": 7, "excluded_lines": 0}, "missing_lines": [22, 25, 26, 27, 30, 33, 35], "excluded_lines": []}, "get_patient": {"executed_lines": [], "summary": {"covered_lines": 0, "num_statements": 9, "percent_covered": 0.0, "percent_covered_display": "0", "missing_lines": 9, "excluded_lines": 0}, "missing_lines": [42, 45, 46, 47, 50, 51, 52, 55, 57], "excluded_lines": []}, "create_patient": {"executed_lines": [], "summary": {"covered_lines": 0, "num_statements": 5, "percent_covered": 0.0, "percent_covered_display": "0", "missing_lines": 5, "excluded_lines": 0}, "missing_lines": [63, 64, 65, 66, 67], "excluded_lines": []}, "": {"executed_lines": [1, 4, 5, 6, 7, 8, 9, 10, 12, 13, 16, 17, 38, 39, 60, 61], "summary": {"covered_lines": 15, "num_statements": 15, "percent_covered": 100.0, "percent_covered_display": "100", "missing_lines": 0, "excluded_lines": 0}, "missing_lines": [], "excluded_lines": []}}, "classes": {"": {"executed_lines": [1, 4, 5, 6, 7, 8, 9, 10, 12, 13, 16, 17, 38, 39, 60, 61], "summary": {"covered_lines": 15, "num_statements": 36, "percent_covered": 41.666666666666664, "percent_covered_display": "42", "missing_lines": 21, "excluded_lines": 0}, "missing_lines": [22, 25, 26, 27, 30, 33, 35, 42, 45, 46, 47, 50, 51, 52, 55, 57, 63, 64, 65, 66, 67], "excluded_lines": []}}}, "app\\api\\v1\\endpoints\\synthetic_data.py": {"executed_lines": [1, 4, 5, 6, 7, 9, 10, 11, 13, 16, 17, 19, 20, 23, 24, 27, 28, 30, 31, 32, 33, 34, 35, 36, 39, 40, 46, 48, 50, 52, 55, 60, 61, 62, 65, 68, 70, 71, 73, 87, 88, 118, 119], "summary": {"covered_lines": 40, "num_statements": 70, "percent_covered": 57.142857142857146, "percent_covered_display": "57", "missing_lines": 30, "excluded_lines": 0}, "missing_lines": [66, 83, 84, 93, 94, 97, 99, 100, 101, 102, 103, 104, 106, 107, 109, 114, 115, 121, 122, 124, 125, 128, 129, 130, 133, 134, 135, 137, 145, 147], "excluded_lines": [], "functions": {"generate_synthetic_data": {"executed_lines": [46, 48, 50, 52, 55, 60, 61, 62, 65, 68, 70, 71, 73], "summary": {"covered_lines": 13, "num_statements": 16, "percent_covered": 81.25, "percent_covered_display": "81", "missing_lines": 3, "excluded_lines": 0}, "missing_lines": [66, 83, 84], "excluded_lines": []}, "validate_synthetic_data": {"executed_lines": [], "summary": {"covered_lines": 0, "num_statements": 14, "percent_covered": 0.0, "percent_covered_display": "0", "missing_lines": 14, "excluded_lines": 0}, "missing_lines": [93, 94, 97, 99, 100, 101, 102, 103, 104, 106, 107, 109, 114, 115], "excluded_lines": []}, "get_generation_statistics": {"executed_lines": [], "summary": {"covered_lines": 0, "num_statements": 13, "percent_covered": 0.0, "percent_covered_display": "0", "missing_lines": 13, "excluded_lines": 0}, "missing_lines": [121, 122, 124, 125, 128, 129, 130, 133, 134, 135, 137, 145, 147], "excluded_lines": []}, "": {"executed_lines": [1, 4, 5, 6, 7, 9, 10, 11, 13, 16, 17, 19, 20, 23, 24, 27, 28, 30, 31, 32, 33, 34, 35, 36, 39, 40, 87, 88, 118, 119], "summary": {"covered_lines": 27, "num_statements": 27, "percent_covered": 100.0, "percent_covered_display": "100", "missing_lines": 0, "excluded_lines": 0}, "missing_lines": [], "excluded_lines": []}}, "classes": {"GenerateDataRequest": {"executed_lines": [], "summary": {"covered_lines": 0, "num_statements": 0, "percent_covered": 100.0, "percent_covered_display": "100", "missing_lines": 0, "excluded_lines": 0}, "missing_lines": [], "excluded_lines": []}, "GenerateDataResponse": {"executed_lines": [], "summary": {"covered_lines": 0, "num_statements": 0, "percent_covered": 100.0, "percent_covered_display": "100", "missing_lines": 0, "excluded_lines": 0}, "missing_lines": [], "excluded_lines": []}, "": {"executed_lines": [1, 4, 5, 6, 7, 9, 10, 11, 13, 16, 17, 19, 20, 23, 24, 27, 28, 30, 31, 32, 33, 34, 35, 36, 39, 40, 46, 48, 50, 52, 55, 60, 61, 62, 65, 68, 70, 71, 73, 87, 88, 118, 119], "summary": {"covered_lines": 40, "num_statements": 70, "percent_covered": 57.142857142857146, "percent_covered_display": "57", "missing_lines": 30, "excluded_lines": 0}, "missing_lines": [66, 83, 84, 93, 94, 97, 99, 100, 101, 102, 103, 104, 106, 107, 109, 114, 115, 121, 122, 124, 125, 128, 129, 130, 133, 134, 135, 137, 145, 147], "excluded_lines": []}}}, "app\\api\\v1\\router.py": {"executed_lines": [1, 4, 5, 18, 21, 22, 23, 24, 27, 30, 33, 34, 35, 36], "summary": {"covered_lines": 13, "num_statements": 13, "percent_covered": 100.0, "percent_covered_display": "100", "missing_lines": 0, "excluded_lines": 0}, "missing_lines": [], "excluded_lines": [], "functions": {"": {"executed_lines": [1, 4, 5, 18, 21, 22, 23, 24, 27, 30, 33, 34, 35, 36], "summary": {"covered_lines": 13, "num_statements": 13, "percent_covered": 100.0, "percent_covered_display": "100", "missing_lines": 0, "excluded_lines": 0}, "missing_lines": [], "excluded_lines": []}}, "classes": {"": {"executed_lines": [1, 4, 5, 18, 21, 22, 23, 24, 27, 30, 33, 34, 35, 36], "summary": {"covered_lines": 13, "num_statements": 13, "percent_covered": 100.0, "percent_covered_display": "100", "missing_lines": 0, "excluded_lines": 0}, "missing_lines": [], "excluded_lines": []}}}, "app\\core\\__init__.py": {"executed_lines": [1], "summary": {"covered_lines": 0, "num_statements": 0, "percent_covered": 100.0, "percent_covered_display": "100", "missing_lines": 0, "excluded_lines": 0}, "missing_lines": [], "excluded_lines": [], "functions": {"": {"executed_lines": [1], "summary": {"covered_lines": 0, "num_statements": 0, "percent_covered": 100.0, "percent_covered_display": "100", "missing_lines": 0, "excluded_lines": 0}, "missing_lines": [], "excluded_lines": []}}, "classes": {"": {"executed_lines": [1], "summary": {"covered_lines": 0, "num_statements": 0, "percent_covered": 100.0, "percent_covered_display": "100", "missing_lines": 0, "excluded_lines": 0}, "missing_lines": [], "excluded_lines": []}}}, "app\\core\\cache.py": {"executed_lines": [1, 4, 5, 6, 7, 8, 11, 12, 14, 15, 16, 18, 28, 37, 44, 54, 63], "summary": {"covered_lines": 15, "num_statements": 57, "percent_covered": 26.31578947368421, "percent_covered_display": "26", "missing_lines": 42, "excluded_lines": 0}, "missing_lines": [20, 21, 22, 23, 24, 25, 26, 30, 31, 32, 33, 34, 35, 39, 40, 41, 42, 46, 47, 48, 49, 50, 51, 52, 56, 57, 58, 59, 60, 66, 67, 68, 69, 70, 73, 74, 75, 78, 81, 83, 85, 86], "excluded_lines": [], "functions": {"CacheManager.__init__": {"executed_lines": [15, 16], "summary": {"covered_lines": 2, "num_statements": 2, "percent_covered": 100.0, "percent_covered_display": "100", "missing_lines": 0, "excluded_lines": 0}, "missing_lines": [], "excluded_lines": []}, "CacheManager.get": {"executed_lines": [], "summary": {"covered_lines": 0, "num_statements": 7, "percent_covered": 0.0, "percent_covered_display": "0", "missing_lines": 7, "excluded_lines": 0}, "missing_lines": [20, 21, 22, 23, 24, 25, 26], "excluded_lines": []}, "CacheManager.set": {"executed_lines": [], "summary": {"covered_lines": 0, "num_statements": 6, "percent_covered": 0.0, "percent_covered_display": "0", "missing_lines": 6, "excluded_lines": 0}, "missing_lines": [30, 31, 32, 33, 34, 35], "excluded_lines": []}, "CacheManager.delete": {"executed_lines": [], "summary": {"covered_lines": 0, "num_statements": 4, "percent_covered": 0.0, "percent_covered_display": "0", "missing_lines": 4, "excluded_lines": 0}, "missing_lines": [39, 40, 41, 42], "excluded_lines": []}, "CacheManager.clear_pattern": {"executed_lines": [], "summary": {"covered_lines": 0, "num_statements": 7, "percent_covered": 0.0, "percent_covered_display": "0", "missing_lines": 7, "excluded_lines": 0}, "missing_lines": [46, 47, 48, 49, 50, 51, 52], "excluded_lines": []}, "CacheManager.generate_key": {"executed_lines": [], "summary": {"covered_lines": 0, "num_statements": 5, "percent_covered": 0.0, "percent_covered_display": "0", "missing_lines": 5, "excluded_lines": 0}, "missing_lines": [56, 57, 58, 59, 60], "excluded_lines": []}, "cached": {"executed_lines": [], "summary": {"covered_lines": 0, "num_statements": 3, "percent_covered": 0.0, "percent_covered_display": "0", "missing_lines": 3, "excluded_lines": 0}, "missing_lines": [66, 67, 86], "excluded_lines": []}, "cached.decorator": {"executed_lines": [], "summary": {"covered_lines": 0, "num_statements": 2, "percent_covered": 0.0, "percent_covered_display": "0", "missing_lines": 2, "excluded_lines": 0}, "missing_lines": [68, 85], "excluded_lines": []}, "cached.decorator.wrapper": {"executed_lines": [], "summary": {"covered_lines": 0, "num_statements": 8, "percent_covered": 0.0, "percent_covered_display": "0", "missing_lines": 8, "excluded_lines": 0}, "missing_lines": [69, 70, 73, 74, 75, 78, 81, 83], "excluded_lines": []}, "": {"executed_lines": [1, 4, 5, 6, 7, 8, 11, 12, 14, 18, 28, 37, 44, 54, 63], "summary": {"covered_lines": 13, "num_statements": 13, "percent_covered": 100.0, "percent_covered_display": "100", "missing_lines": 0, "excluded_lines": 0}, "missing_lines": [], "excluded_lines": []}}, "classes": {"CacheManager": {"executed_lines": [15, 16], "summary": {"covered_lines": 2, "num_statements": 31, "percent_covered": 6.451612903225806, "percent_covered_display": "6", "missing_lines": 29, "excluded_lines": 0}, "missing_lines": [20, 21, 22, 23, 24, 25, 26, 30, 31, 32, 33, 34, 35, 39, 40, 41, 42, 46, 47, 48, 49, 50, 51, 52, 56, 57, 58, 59, 60], "excluded_lines": []}, "": {"executed_lines": [1, 4, 5, 6, 7, 8, 11, 12, 14, 18, 28, 37, 44, 54, 63], "summary": {"covered_lines": 13, "num_statements": 26, "percent_covered": 50.0, "percent_covered_display": "50", "missing_lines": 13, "excluded_lines": 0}, "missing_lines": [66, 67, 68, 69, 70, 73, 74, 75, 78, 81, 83, 85, 86], "excluded_lines": []}}}, "app\\core\\config.py": {"executed_lines": [1, 4, 5, 6, 7, 10, 11, 14, 15, 16, 17, 18, 21, 22, 23, 26, 27, 28, 29, 30, 32, 33, 34, 40, 41, 42, 43, 44, 46, 47, 48, 54, 55, 56, 57, 59, 60, 69, 70, 71, 72, 73, 74, 77, 78, 79, 80, 81, 84, 85, 86, 87, 90, 91, 94, 99, 100, 101, 104, 105, 107, 110], "summary": {"covered_lines": 60, "num_statements": 63, "percent_covered": 95.23809523809524, "percent_covered_display": "95", "missing_lines": 3, "excluded_lines": 0}, "missing_lines": [61, 62, 66], "excluded_lines": [], "functions": {"Settings.DATABASE_URL": {"executed_lines": [34], "summary": {"covered_lines": 1, "num_statements": 1, "percent_covered": 100.0, "percent_covered_display": "100", "missing_lines": 0, "excluded_lines": 0}, "missing_lines": [], "excluded_lines": []}, "Settings.MONGODB_URL": {"executed_lines": [48], "summary": {"covered_lines": 1, "num_statements": 1, "percent_covered": 100.0, "percent_covered_display": "100", "missing_lines": 0, "excluded_lines": 0}, "missing_lines": [], "excluded_lines": []}, "Settings.REDIS_URL": {"executed_lines": [], "summary": {"covered_lines": 0, "num_statements": 3, "percent_covered": 0.0, "percent_covered_display": "0", "missing_lines": 3, "excluded_lines": 0}, "missing_lines": [61, 62, 66], "excluded_lines": []}, "get_settings": {"executed_lines": [107], "summary": {"covered_lines": 1, "num_statements": 1, "percent_covered": 100.0, "percent_covered_display": "100", "missing_lines": 0, "excluded_lines": 0}, "missing_lines": [], "excluded_lines": []}, "": {"executed_lines": [1, 4, 5, 6, 7, 10, 11, 14, 15, 16, 17, 18, 21, 22, 23, 26, 27, 28, 29, 30, 32, 33, 40, 41, 42, 43, 44, 46, 47, 54, 55, 56, 57, 59, 60, 69, 70, 71, 72, 73, 74, 77, 78, 79, 80, 81, 84, 85, 86, 87, 90, 91, 94, 99, 100, 101, 104, 105, 110], "summary": {"covered_lines": 57, "num_statements": 57, "percent_covered": 100.0, "percent_covered_display": "100", "missing_lines": 0, "excluded_lines": 0}, "missing_lines": [], "excluded_lines": []}}, "classes": {"Settings": {"executed_lines": [34, 48], "summary": {"covered_lines": 2, "num_statements": 5, "percent_covered": 40.0, "percent_covered_display": "40", "missing_lines": 3, "excluded_lines": 0}, "missing_lines": [61, 62, 66], "excluded_lines": []}, "Settings.Config": {"executed_lines": [], "summary": {"covered_lines": 0, "num_statements": 0, "percent_covered": 100.0, "percent_covered_display": "100", "missing_lines": 0, "excluded_lines": 0}, "missing_lines": [], "excluded_lines": []}, "": {"executed_lines": [1, 4, 5, 6, 7, 10, 11, 14, 15, 16, 17, 18, 21, 22, 23, 26, 27, 28, 29, 30, 32, 33, 40, 41, 42, 43, 44, 46, 47, 54, 55, 56, 57, 59, 60, 69, 70, 71, 72, 73, 74, 77, 78, 79, 80, 81, 84, 85, 86, 87, 90, 91, 94, 99, 100, 101, 104, 105, 107, 110], "summary": {"covered_lines": 58, "num_statements": 58, "percent_covered": 100.0, "percent_covered_display": "100", "missing_lines": 0, "excluded_lines": 0}, "missing_lines": [], "excluded_lines": []}}}, "app\\core\\database.py": {"executed_lines": [1, 4, 5, 6, 7, 9, 12, 27, 30, 33, 35, 36, 37, 39, 42], "summary": {"covered_lines": 14, "num_statements": 16, "percent_covered": 87.5, "percent_covered_display": "88", "missing_lines": 2, "excluded_lines": 0}, "missing_lines": [45, 54], "excluded_lines": [], "functions": {"get_db": {"executed_lines": [35, 36, 37, 39], "summary": {"covered_lines": 4, "num_statements": 4, "percent_covered": 100.0, "percent_covered_display": "100", "missing_lines": 0, "excluded_lines": 0}, "missing_lines": [], "excluded_lines": []}, "init_db": {"executed_lines": [], "summary": {"covered_lines": 0, "num_statements": 2, "percent_covered": 0.0, "percent_covered_display": "0", "missing_lines": 2, "excluded_lines": 0}, "missing_lines": [45, 54], "excluded_lines": []}, "": {"executed_lines": [1, 4, 5, 6, 7, 9, 12, 27, 30, 33, 42], "summary": {"covered_lines": 10, "num_statements": 10, "percent_covered": 100.0, "percent_covered_display": "100", "missing_lines": 0, "excluded_lines": 0}, "missing_lines": [], "excluded_lines": []}}, "classes": {"": {"executed_lines": [1, 4, 5, 6, 7, 9, 12, 27, 30, 33, 35, 36, 37, 39, 42], "summary": {"covered_lines": 14, "num_statements": 16, "percent_covered": 87.5, "percent_covered_display": "88", "missing_lines": 2, "excluded_lines": 0}, "missing_lines": [45, 54], "excluded_lines": []}}}, "app\\core\\exceptions.py": {"executed_lines": [1, 4, 5, 8, 9, 11, 18, 19, 22, 23, 25, 26, 31, 34, 35, 37, 38, 39, 40, 41, 46, 47, 50, 51, 53, 54, 61, 62, 64, 65, 72, 73, 75, 76, 77, 78, 79, 85, 88, 89, 91, 92, 99, 100, 102, 103, 108, 111, 112, 114, 115, 122, 123, 125, 126], "summary": {"covered_lines": 44, "num_statements": 44, "percent_covered": 100.0, "percent_covered_display": "100", "missing_lines": 0, "excluded_lines": 0}, "missing_lines": [], "excluded_lines": [], "functions": {"INEsCapeException.__init__": {"executed_lines": [18, 19], "summary": {"covered_lines": 2, "num_statements": 2, "percent_covered": 100.0, "percent_covered_display": "100", "missing_lines": 0, "excluded_lines": 0}, "missing_lines": [], "excluded_lines": []}, "ValidationError.__init__": {"executed_lines": [26, 31], "summary": {"covered_lines": 2, "num_statements": 2, "percent_covered": 100.0, "percent_covered_display": "100", "missing_lines": 0, "excluded_lines": 0}, "missing_lines": [], "excluded_lines": []}, "NotFoundError.__init__": {"executed_lines": [38, 39, 40, 41, 46, 47], "summary": {"covered_lines": 6, "num_statements": 6, "percent_covered": 100.0, "percent_covered_display": "100", "missing_lines": 0, "excluded_lines": 0}, "missing_lines": [], "excluded_lines": []}, "AuthenticationError.__init__": {"executed_lines": [54], "summary": {"covered_lines": 1, "num_statements": 1, "percent_covered": 100.0, "percent_covered_display": "100", "missing_lines": 0, "excluded_lines": 0}, "missing_lines": [], "excluded_lines": []}, "AuthorizationError.__init__": {"executed_lines": [65], "summary": {"covered_lines": 1, "num_statements": 1, "percent_covered": 100.0, "percent_covered_display": "100", "missing_lines": 0, "excluded_lines": 0}, "missing_lines": [], "excluded_lines": []}, "RateLimitError.__init__": {"executed_lines": [76, 77, 78, 79, 85], "summary": {"covered_lines": 5, "num_statements": 5, "percent_covered": 100.0, "percent_covered_display": "100", "missing_lines": 0, "excluded_lines": 0}, "missing_lines": [], "excluded_lines": []}, "DatabaseError.__init__": {"executed_lines": [92], "summary": {"covered_lines": 1, "num_statements": 1, "percent_covered": 100.0, "percent_covered_display": "100", "missing_lines": 0, "excluded_lines": 0}, "missing_lines": [], "excluded_lines": []}, "ExternalServiceError.__init__": {"executed_lines": [103, 108], "summary": {"covered_lines": 2, "num_statements": 2, "percent_covered": 100.0, "percent_covered_display": "100", "missing_lines": 0, "excluded_lines": 0}, "missing_lines": [], "excluded_lines": []}, "MLModelError.__init__": {"executed_lines": [115], "summary": {"covered_lines": 1, "num_statements": 1, "percent_covered": 100.0, "percent_covered_display": "100", "missing_lines": 0, "excluded_lines": 0}, "missing_lines": [], "excluded_lines": []}, "DataProcessingError.__init__": {"executed_lines": [126], "summary": {"covered_lines": 1, "num_statements": 1, "percent_covered": 100.0, "percent_covered_display": "100", "missing_lines": 0, "excluded_lines": 0}, "missing_lines": [], "excluded_lines": []}, "": {"executed_lines": [1, 4, 5, 8, 9, 11, 22, 23, 25, 34, 35, 37, 50, 51, 53, 61, 62, 64, 72, 73, 75, 88, 89, 91, 99, 100, 102, 111, 112, 114, 122, 123, 125], "summary": {"covered_lines": 22, "num_statements": 22, "percent_covered": 100.0, "percent_covered_display": "100", "missing_lines": 0, "excluded_lines": 0}, "missing_lines": [], "excluded_lines": []}}, "classes": {"INEsCapeException": {"executed_lines": [18, 19], "summary": {"covered_lines": 2, "num_statements": 2, "percent_covered": 100.0, "percent_covered_display": "100", "missing_lines": 0, "excluded_lines": 0}, "missing_lines": [], "excluded_lines": []}, "ValidationError": {"executed_lines": [26, 31], "summary": {"covered_lines": 2, "num_statements": 2, "percent_covered": 100.0, "percent_covered_display": "100", "missing_lines": 0, "excluded_lines": 0}, "missing_lines": [], "excluded_lines": []}, "NotFoundError": {"executed_lines": [38, 39, 40, 41, 46, 47], "summary": {"covered_lines": 6, "num_statements": 6, "percent_covered": 100.0, "percent_covered_display": "100", "missing_lines": 0, "excluded_lines": 0}, "missing_lines": [], "excluded_lines": []}, "AuthenticationError": {"executed_lines": [54], "summary": {"covered_lines": 1, "num_statements": 1, "percent_covered": 100.0, "percent_covered_display": "100", "missing_lines": 0, "excluded_lines": 0}, "missing_lines": [], "excluded_lines": []}, "AuthorizationError": {"executed_lines": [65], "summary": {"covered_lines": 1, "num_statements": 1, "percent_covered": 100.0, "percent_covered_display": "100", "missing_lines": 0, "excluded_lines": 0}, "missing_lines": [], "excluded_lines": []}, "RateLimitError": {"executed_lines": [76, 77, 78, 79, 85], "summary": {"covered_lines": 5, "num_statements": 5, "percent_covered": 100.0, "percent_covered_display": "100", "missing_lines": 0, "excluded_lines": 0}, "missing_lines": [], "excluded_lines": []}, "DatabaseError": {"executed_lines": [92], "summary": {"covered_lines": 1, "num_statements": 1, "percent_covered": 100.0, "percent_covered_display": "100", "missing_lines": 0, "excluded_lines": 0}, "missing_lines": [], "excluded_lines": []}, "ExternalServiceError": {"executed_lines": [103, 108], "summary": {"covered_lines": 2, "num_statements": 2, "percent_covered": 100.0, "percent_covered_display": "100", "missing_lines": 0, "excluded_lines": 0}, "missing_lines": [], "excluded_lines": []}, "MLModelError": {"executed_lines": [115], "summary": {"covered_lines": 1, "num_statements": 1, "percent_covered": 100.0, "percent_covered_display": "100", "missing_lines": 0, "excluded_lines": 0}, "missing_lines": [], "excluded_lines": []}, "DataProcessingError": {"executed_lines": [126], "summary": {"covered_lines": 1, "num_statements": 1, "percent_covered": 100.0, "percent_covered_display": "100", "missing_lines": 0, "excluded_lines": 0}, "missing_lines": [], "excluded_lines": []}, "": {"executed_lines": [1, 4, 5, 8, 9, 11, 22, 23, 25, 34, 35, 37, 50, 51, 53, 61, 62, 64, 72, 73, 75, 88, 89, 91, 99, 100, 102, 111, 112, 114, 122, 123, 125], "summary": {"covered_lines": 22, "num_statements": 22, "percent_covered": 100.0, "percent_covered_display": "100", "missing_lines": 0, "excluded_lines": 0}, "missing_lines": [], "excluded_lines": []}}}, "app\\core\\health_check.py": {"executed_lines": [1, 4, 5, 6, 7, 8, 9, 10, 11, 14, 15, 17, 18, 20, 62, 98, 136, 178, 211, 250, 257], "summary": {"covered_lines": 19, "num_statements": 120, "percent_covered": 15.833333333333334, "percent_covered_display": "16", "missing_lines": 101, "excluded_lines": 0}, "missing_lines": [22, 29, 30, 31, 33, 34, 37, 38, 46, 47, 48, 50, 51, 52, 54, 55, 56, 57, 58, 60, 64, 71, 72, 73, 76, 79, 81, 86, 87, 88, 90, 91, 92, 93, 94, 96, 100, 107, 108, 109, 112, 115, 117, 124, 125, 126, 128, 129, 130, 131, 132, 134, 138, 145, 146, 147, 149, 150, 151, 154, 157, 159, 161, 163, 164, 165, 167, 168, 170, 171, 172, 173, 174, 176, 180, 186, 187, 189, 191, 199, 200, 201, 203, 205, 206, 207, 209, 213, 216, 223, 224, 227, 232, 235, 237, 252, 260, 261, 262, 265, 270], "excluded_lines": [], "functions": {"HealthCheckService.__init__": {"executed_lines": [18], "summary": {"covered_lines": 1, "num_statements": 1, "percent_covered": 100.0, "percent_covered_display": "100", "missing_lines": 0, "excluded_lines": 0}, "missing_lines": [], "excluded_lines": []}, "HealthCheckService.check_postgresql": {"executed_lines": [], "summary": {"covered_lines": 0, "num_statements": 20, "percent_covered": 0.0, "percent_covered_display": "0", "missing_lines": 20, "excluded_lines": 0}, "missing_lines": [22, 29, 30, 31, 33, 34, 37, 38, 46, 47, 48, 50, 51, 52, 54, 55, 56, 57, 58, 60], "excluded_lines": []}, "HealthCheckService.check_mongodb": {"executed_lines": [], "summary": {"covered_lines": 0, "num_statements": 16, "percent_covered": 0.0, "percent_covered_display": "0", "missing_lines": 16, "excluded_lines": 0}, "missing_lines": [64, 71, 72, 73, 76, 79, 81, 86, 87, 88, 90, 91, 92, 93, 94, 96], "excluded_lines": []}, "HealthCheckService.check_redis": {"executed_lines": [], "summary": {"covered_lines": 0, "num_statements": 16, "percent_covered": 0.0, "percent_covered_display": "0", "missing_lines": 16, "excluded_lines": 0}, "missing_lines": [100, 107, 108, 109, 112, 115, 117, 124, 125, 126, 128, 129, 130, 131, 132, 134], "excluded_lines": []}, "HealthCheckService.check_cache": {"executed_lines": [], "summary": {"covered_lines": 0, "num_statements": 22, "percent_covered": 0.0, "percent_covered_display": "0", "missing_lines": 22, "excluded_lines": 0}, "missing_lines": [138, 145, 146, 147, 149, 150, 151, 154, 157, 159, 161, 163, 164, 165, 167, 168, 170, 171, 172, 173, 174, 176], "excluded_lines": []}, "HealthCheckService.check_disk_space": {"executed_lines": [], "summary": {"covered_lines": 0, "num_statements": 13, "percent_covered": 0.0, "percent_covered_display": "0", "missing_lines": 13, "excluded_lines": 0}, "missing_lines": [180, 186, 187, 189, 191, 199, 200, 201, 203, 205, 206, 207, 209], "excluded_lines": []}, "HealthCheckService.get_comprehensive_health": {"executed_lines": [], "summary": {"covered_lines": 0, "num_statements": 8, "percent_covered": 0.0, "percent_covered_display": "0", "missing_lines": 8, "excluded_lines": 0}, "missing_lines": [213, 216, 223, 224, 227, 232, 235, 237], "excluded_lines": []}, "HealthCheckService.get_liveness": {"executed_lines": [], "summary": {"covered_lines": 0, "num_statements": 1, "percent_covered": 0.0, "percent_covered_display": "0", "missing_lines": 1, "excluded_lines": 0}, "missing_lines": [252], "excluded_lines": []}, "HealthCheckService.get_readiness": {"executed_lines": [], "summary": {"covered_lines": 0, "num_statements": 5, "percent_covered": 0.0, "percent_covered_display": "0", "missing_lines": 5, "excluded_lines": 0}, "missing_lines": [260, 261, 262, 265, 270], "excluded_lines": []}, "": {"executed_lines": [1, 4, 5, 6, 7, 8, 9, 10, 11, 14, 15, 17, 20, 62, 98, 136, 178, 211, 250, 257], "summary": {"covered_lines": 18, "num_statements": 18, "percent_covered": 100.0, "percent_covered_display": "100", "missing_lines": 0, "excluded_lines": 0}, "missing_lines": [], "excluded_lines": []}}, "classes": {"HealthCheckService": {"executed_lines": [18], "summary": {"covered_lines": 1, "num_statements": 102, "percent_covered": 0.9803921568627451, "percent_covered_display": "1", "missing_lines": 101, "excluded_lines": 0}, "missing_lines": [22, 29, 30, 31, 33, 34, 37, 38, 46, 47, 48, 50, 51, 52, 54, 55, 56, 57, 58, 60, 64, 71, 72, 73, 76, 79, 81, 86, 87, 88, 90, 91, 92, 93, 94, 96, 100, 107, 108, 109, 112, 115, 117, 124, 125, 126, 128, 129, 130, 131, 132, 134, 138, 145, 146, 147, 149, 150, 151, 154, 157, 159, 161, 163, 164, 165, 167, 168, 170, 171, 172, 173, 174, 176, 180, 186, 187, 189, 191, 199, 200, 201, 203, 205, 206, 207, 209, 213, 216, 223, 224, 227, 232, 235, 237, 252, 260, 261, 262, 265, 270], "excluded_lines": []}, "": {"executed_lines": [1, 4, 5, 6, 7, 8, 9, 10, 11, 14, 15, 17, 20, 62, 98, 136, 178, 211, 250, 257], "summary": {"covered_lines": 18, "num_statements": 18, "percent_covered": 100.0, "percent_covered_display": "100", "missing_lines": 0, "excluded_lines": 0}, "missing_lines": [], "excluded_lines": []}}}, "app\\core\\mongodb.py": {"executed_lines": [1, 4, 5, 6, 8, 11, 12, 15, 18, 19, 23, 26, 29, 30, 31, 32, 35], "summary": {"covered_lines": 16, "num_statements": 20, "percent_covered": 80.0, "percent_covered_display": "80", "missing_lines": 4, "excluded_lines": 0}, "missing_lines": [38, 39, 40, 41], "excluded_lines": [], "functions": {"get_mongodb_client": {"executed_lines": [18, 19, 23], "summary": {"covered_lines": 3, "num_statements": 3, "percent_covered": 100.0, "percent_covered_display": "100", "missing_lines": 0, "excluded_lines": 0}, "missing_lines": [], "excluded_lines": []}, "get_mongodb_database": {"executed_lines": [29, 30, 31, 32], "summary": {"covered_lines": 4, "num_statements": 4, "percent_covered": 100.0, "percent_covered_display": "100", "missing_lines": 0, "excluded_lines": 0}, "missing_lines": [], "excluded_lines": []}, "close_mongodb_connection": {"executed_lines": [], "summary": {"covered_lines": 0, "num_statements": 4, "percent_covered": 0.0, "percent_covered_display": "0", "missing_lines": 4, "excluded_lines": 0}, "missing_lines": [38, 39, 40, 41], "excluded_lines": []}, "": {"executed_lines": [1, 4, 5, 6, 8, 11, 12, 15, 26, 35], "summary": {"covered_lines": 9, "num_statements": 9, "percent_covered": 100.0, "percent_covered_display": "100", "missing_lines": 0, "excluded_lines": 0}, "missing_lines": [], "excluded_lines": []}}, "classes": {"": {"executed_lines": [1, 4, 5, 6, 8, 11, 12, 15, 18, 19, 23, 26, 29, 30, 31, 32, 35], "summary": {"covered_lines": 16, "num_statements": 20, "percent_covered": 80.0, "percent_covered_display": "80", "missing_lines": 4, "excluded_lines": 0}, "missing_lines": [38, 39, 40, 41], "excluded_lines": []}}}, "app\\core\\performance.py": {"executed_lines": [], "summary": {"covered_lines": 0, "num_statements": 63, "percent_covered": 0.0, "percent_covered_display": "0", "missing_lines": 63, "excluded_lines": 0}, "missing_lines": [4, 5, 6, 7, 8, 11, 14, 15, 16, 17, 18, 19, 20, 21, 23, 26, 29, 30, 31, 32, 33, 34, 35, 36, 38, 41, 44, 45, 47, 48, 50, 51, 55, 57, 58, 61, 62, 63, 64, 67, 70, 71, 73, 75, 76, 77, 79, 81, 82, 83, 86, 89, 90, 91, 93, 95, 96, 98, 100, 101, 103, 105, 106], "excluded_lines": [], "functions": {"timing_decorator": {"executed_lines": [], "summary": {"covered_lines": 0, "num_statements": 3, "percent_covered": 0.0, "percent_covered_display": "0", "missing_lines": 3, "excluded_lines": 0}, "missing_lines": [14, 15, 23], "excluded_lines": []}, "timing_decorator.wrapper": {"executed_lines": [], "summary": {"covered_lines": 0, "num_statements": 6, "percent_covered": 0.0, "percent_covered_display": "0", "missing_lines": 6, "excluded_lines": 0}, "missing_lines": [16, 17, 18, 19, 20, 21], "excluded_lines": []}, "async_timing_decorator": {"executed_lines": [], "summary": {"covered_lines": 0, "num_statements": 3, "percent_covered": 0.0, "percent_covered_display": "0", "missing_lines": 3, "excluded_lines": 0}, "missing_lines": [29, 30, 38], "excluded_lines": []}, "async_timing_decorator.wrapper": {"executed_lines": [], "summary": {"covered_lines": 0, "num_statements": 6, "percent_covered": 0.0, "percent_covered_display": "0", "missing_lines": 6, "excluded_lines": 0}, "missing_lines": [31, 32, 33, 34, 35, 36], "excluded_lines": []}, "QueryOptimizer.optimize_pagination": {"executed_lines": [], "summary": {"covered_lines": 0, "num_statements": 2, "percent_covered": 0.0, "percent_covered_display": "0", "missing_lines": 2, "excluded_lines": 0}, "missing_lines": [47, 48], "excluded_lines": []}, "QueryOptimizer.add_indexes_hints": {"executed_lines": [], "summary": {"covered_lines": 0, "num_statements": 1, "percent_covered": 0.0, "percent_covered_display": "0", "missing_lines": 1, "excluded_lines": 0}, "missing_lines": [55], "excluded_lines": []}, "QueryOptimizer.use_select_related": {"executed_lines": [], "summary": {"covered_lines": 0, "num_statements": 4, "percent_covered": 0.0, "percent_covered_display": "0", "missing_lines": 4, "excluded_lines": 0}, "missing_lines": [61, 62, 63, 64], "excluded_lines": []}, "BatchProcessor.__init__": {"executed_lines": [], "summary": {"covered_lines": 0, "num_statements": 1, "percent_covered": 0.0, "percent_covered_display": "0", "missing_lines": 1, "excluded_lines": 0}, "missing_lines": [71], "excluded_lines": []}, "BatchProcessor.process_in_batches": {"executed_lines": [], "summary": {"covered_lines": 0, "num_statements": 3, "percent_covered": 0.0, "percent_covered_display": "0", "missing_lines": 3, "excluded_lines": 0}, "missing_lines": [75, 76, 77], "excluded_lines": []}, "BatchProcessor.process_in_batches_async": {"executed_lines": [], "summary": {"covered_lines": 0, "num_statements": 3, "percent_covered": 0.0, "percent_covered_display": "0", "missing_lines": 3, "excluded_lines": 0}, "missing_lines": [81, 82, 83], "excluded_lines": []}, "ConnectionPool.__init__": {"executed_lines": [], "summary": {"covered_lines": 0, "num_statements": 2, "percent_covered": 0.0, "percent_covered_display": "0", "missing_lines": 2, "excluded_lines": 0}, "missing_lines": [90, 91], "excluded_lines": []}, "ConnectionPool.execute_in_thread": {"executed_lines": [], "summary": {"covered_lines": 0, "num_statements": 2, "percent_covered": 0.0, "percent_covered_display": "0", "missing_lines": 2, "excluded_lines": 0}, "missing_lines": [95, 96], "excluded_lines": []}, "ConnectionPool.execute_in_process": {"executed_lines": [], "summary": {"covered_lines": 0, "num_statements": 2, "percent_covered": 0.0, "percent_covered_display": "0", "missing_lines": 2, "excluded_lines": 0}, "missing_lines": [100, 101], "excluded_lines": []}, "ConnectionPool.shutdown": {"executed_lines": [], "summary": {"covered_lines": 0, "num_statements": 2, "percent_covered": 0.0, "percent_covered_display": "0", "missing_lines": 2, "excluded_lines": 0}, "missing_lines": [105, 106], "excluded_lines": []}, "": {"executed_lines": [], "summary": {"covered_lines": 0, "num_statements": 23, "percent_covered": 0.0, "percent_covered_display": "0", "missing_lines": 23, "excluded_lines": 0}, "missing_lines": [4, 5, 6, 7, 8, 11, 26, 41, 44, 45, 50, 51, 57, 58, 67, 70, 73, 79, 86, 89, 93, 98, 103], "excluded_lines": []}}, "classes": {"QueryOptimizer": {"executed_lines": [], "summary": {"covered_lines": 0, "num_statements": 7, "percent_covered": 0.0, "percent_covered_display": "0", "missing_lines": 7, "excluded_lines": 0}, "missing_lines": [47, 48, 55, 61, 62, 63, 64], "excluded_lines": []}, "BatchProcessor": {"executed_lines": [], "summary": {"covered_lines": 0, "num_statements": 7, "percent_covered": 0.0, "percent_covered_display": "0", "missing_lines": 7, "excluded_lines": 0}, "missing_lines": [71, 75, 76, 77, 81, 82, 83], "excluded_lines": []}, "ConnectionPool": {"executed_lines": [], "summary": {"covered_lines": 0, "num_statements": 8, "percent_covered": 0.0, "percent_covered_display": "0", "missing_lines": 8, "excluded_lines": 0}, "missing_lines": [90, 91, 95, 96, 100, 101, 105, 106], "excluded_lines": []}, "": {"executed_lines": [], "summary": {"covered_lines": 0, "num_statements": 41, "percent_covered": 0.0, "percent_covered_display": "0", "missing_lines": 41, "excluded_lines": 0}, "missing_lines": [4, 5, 6, 7, 8, 11, 14, 15, 16, 17, 18, 19, 20, 21, 23, 26, 29, 30, 31, 32, 33, 34, 35, 36, 38, 41, 44, 45, 50, 51, 57, 58, 67, 70, 73, 79, 86, 89, 93, 98, 103], "excluded_lines": []}}}, "app\\core\\query_cache.py": {"executed_lines": [], "summary": {"covered_lines": 0, "num_statements": 47, "percent_covered": 0.0, "percent_covered_display": "0", "missing_lines": 47, "excluded_lines": 0}, "missing_lines": [4, 5, 6, 7, 8, 9, 12, 15, 16, 17, 19, 27, 30, 31, 32, 35, 38, 41, 43, 45, 48, 51, 52, 54, 56, 57, 58, 60, 64, 66, 67, 69, 71, 74, 76, 77, 78, 79, 80, 88, 89, 90, 93, 96, 98, 99, 100], "excluded_lines": [], "functions": {"QueryCache.__init__": {"executed_lines": [], "summary": {"covered_lines": 0, "num_statements": 2, "percent_covered": 0.0, "percent_covered_display": "0", "missing_lines": 2, "excluded_lines": 0}, "missing_lines": [16, 17], "excluded_lines": []}, "QueryCache.cache_query": {"executed_lines": [], "summary": {"covered_lines": 0, "num_statements": 8, "percent_covered": 0.0, "percent_covered_display": "0", "missing_lines": 8, "excluded_lines": 0}, "missing_lines": [27, 30, 31, 32, 35, 38, 41, 43], "excluded_lines": []}, "QueryCache._generate_query_key": {"executed_lines": [], "summary": {"covered_lines": 0, "num_statements": 3, "percent_covered": 0.0, "percent_covered_display": "0", "missing_lines": 3, "excluded_lines": 0}, "missing_lines": [48, 51, 52], "excluded_lines": []}, "QueryCache._serialize_result": {"executed_lines": [], "summary": {"covered_lines": 0, "num_statements": 7, "percent_covered": 0.0, "percent_covered_display": "0", "missing_lines": 7, "excluded_lines": 0}, "missing_lines": [56, 57, 58, 60, 64, 66, 67], "excluded_lines": []}, "QueryCache.invalidate_pattern": {"executed_lines": [], "summary": {"covered_lines": 0, "num_statements": 1, "percent_covered": 0.0, "percent_covered_display": "0", "missing_lines": 1, "excluded_lines": 0}, "missing_lines": [71], "excluded_lines": []}, "cached_query": {"executed_lines": [], "summary": {"covered_lines": 0, "num_statements": 3, "percent_covered": 0.0, "percent_covered_display": "0", "missing_lines": 3, "excluded_lines": 0}, "missing_lines": [76, 77, 100], "excluded_lines": []}, "cached_query.decorator": {"executed_lines": [], "summary": {"covered_lines": 0, "num_statements": 2, "percent_covered": 0.0, "percent_covered_display": "0", "missing_lines": 2, "excluded_lines": 0}, "missing_lines": [78, 99], "excluded_lines": []}, "cached_query.decorator.wrapper": {"executed_lines": [], "summary": {"covered_lines": 0, "num_statements": 8, "percent_covered": 0.0, "percent_covered_display": "0", "missing_lines": 8, "excluded_lines": 0}, "missing_lines": [79, 80, 88, 89, 90, 93, 96, 98], "excluded_lines": []}, "": {"executed_lines": [], "summary": {"covered_lines": 0, "num_statements": 13, "percent_covered": 0.0, "percent_covered_display": "0", "missing_lines": 13, "excluded_lines": 0}, "missing_lines": [4, 5, 6, 7, 8, 9, 12, 15, 19, 45, 54, 69, 74], "excluded_lines": []}}, "classes": {"QueryCache": {"executed_lines": [], "summary": {"covered_lines": 0, "num_statements": 21, "percent_covered": 0.0, "percent_covered_display": "0", "missing_lines": 21, "excluded_lines": 0}, "missing_lines": [16, 17, 27, 30, 31, 32, 35, 38, 41, 43, 48, 51, 52, 56, 57, 58, 60, 64, 66, 67, 71], "excluded_lines": []}, "": {"executed_lines": [], "summary": {"covered_lines": 0, "num_statements": 26, "percent_covered": 0.0, "percent_covered_display": "0", "missing_lines": 26, "excluded_lines": 0}, "missing_lines": [4, 5, 6, 7, 8, 9, 12, 15, 19, 45, 54, 69, 74, 76, 77, 78, 79, 80, 88, 89, 90, 93, 96, 98, 99, 100], "excluded_lines": []}}}, "app\\core\\redis_client.py": {"executed_lines": [1, 4, 5, 7, 9, 12, 15, 16, 23, 26], "summary": {"covered_lines": 9, "num_statements": 12, "percent_covered": 75.0, "percent_covered_display": "75", "missing_lines": 3, "excluded_lines": 0}, "missing_lines": [29, 30, 31], "excluded_lines": [], "functions": {"get_redis_client": {"executed_lines": [15, 16, 23], "summary": {"covered_lines": 3, "num_statements": 3, "percent_covered": 100.0, "percent_covered_display": "100", "missing_lines": 0, "excluded_lines": 0}, "missing_lines": [], "excluded_lines": []}, "close_redis_connection": {"executed_lines": [], "summary": {"covered_lines": 0, "num_statements": 3, "percent_covered": 0.0, "percent_covered_display": "0", "missing_lines": 3, "excluded_lines": 0}, "missing_lines": [29, 30, 31], "excluded_lines": []}, "": {"executed_lines": [1, 4, 5, 7, 9, 12, 26], "summary": {"covered_lines": 6, "num_statements": 6, "percent_covered": 100.0, "percent_covered_display": "100", "missing_lines": 0, "excluded_lines": 0}, "missing_lines": [], "excluded_lines": []}}, "classes": {"": {"executed_lines": [1, 4, 5, 7, 9, 12, 15, 16, 23, 26], "summary": {"covered_lines": 9, "num_statements": 12, "percent_covered": 75.0, "percent_covered_display": "75", "missing_lines": 3, "excluded_lines": 0}, "missing_lines": [29, 30, 31], "excluded_lines": []}}}, "app\\core\\security\\__init__.py": {"executed_lines": [1], "summary": {"covered_lines": 0, "num_statements": 0, "percent_covered": 100.0, "percent_covered_display": "100", "missing_lines": 0, "excluded_lines": 0}, "missing_lines": [], "excluded_lines": [], "functions": {"": {"executed_lines": [1], "summary": {"covered_lines": 0, "num_statements": 0, "percent_covered": 100.0, "percent_covered_display": "100", "missing_lines": 0, "excluded_lines": 0}, "missing_lines": [], "excluded_lines": []}}, "classes": {"": {"executed_lines": [1], "summary": {"covered_lines": 0, "num_statements": 0, "percent_covered": 100.0, "percent_covered_display": "100", "missing_lines": 0, "excluded_lines": 0}, "missing_lines": [], "excluded_lines": []}}}, "app\\core\\security\\audit_logger.py": {"executed_lines": [1, 4, 5, 6, 7, 10, 11, 13, 14, 15, 17, 45, 68, 87, 96, 106, 112, 148, 153, 181, 187], "summary": {"covered_lines": 19, "num_statements": 57, "percent_covered": 33.333333333333336, "percent_covered_display": "33", "missing_lines": 38, "excluded_lines": 0}, "missing_lines": [28, 40, 43, 55, 66, 76, 85, 109, 110, 115, 117, 119, 130, 131, 139, 140, 141, 151, 162, 164, 165, 167, 168, 170, 171, 172, 173, 174, 175, 177, 179, 183, 184, 185, 189, 191, 193, 199], "excluded_lines": [], "functions": {"AuditLogger.__init__": {"executed_lines": [14, 15], "summary": {"covered_lines": 2, "num_statements": 2, "percent_covered": 100.0, "percent_covered_display": "100", "missing_lines": 0, "excluded_lines": 0}, "missing_lines": [], "excluded_lines": []}, "AuditLogger.log_data_access": {"executed_lines": [], "summary": {"covered_lines": 0, "num_statements": 3, "percent_covered": 0.0, "percent_covered_display": "0", "missing_lines": 3, "excluded_lines": 0}, "missing_lines": [28, 40, 43], "excluded_lines": []}, "AuditLogger.log_user_action": {"executed_lines": [], "summary": {"covered_lines": 0, "num_statements": 2, "percent_covered": 0.0, "percent_covered_display": "0", "missing_lines": 2, "excluded_lines": 0}, "missing_lines": [55, 66], "excluded_lines": []}, "AuditLogger.log_model_usage": {"executed_lines": [], "summary": {"covered_lines": 0, "num_statements": 2, "percent_covered": 0.0, "percent_covered_display": "0", "missing_lines": 2, "excluded_lines": 0}, "missing_lines": [76, 85], "excluded_lines": []}, "AuditLogger.log_security_event": {"executed_lines": [96, 106], "summary": {"covered_lines": 2, "num_statements": 4, "percent_covered": 50.0, "percent_covered_display": "50", "missing_lines": 2, "excluded_lines": 0}, "missing_lines": [109, 110], "excluded_lines": []}, "AuditLogger._detect_suspicious_activity": {"executed_lines": [], "summary": {"covered_lines": 0, "num_statements": 8, "percent_covered": 0.0, "percent_covered_display": "0", "missing_lines": 8, "excluded_lines": 0}, "missing_lines": [115, 117, 119, 130, 131, 139, 140, 141], "excluded_lines": []}, "AuditLogger._alert_security_team": {"executed_lines": [], "summary": {"covered_lines": 0, "num_statements": 1, "percent_covered": 0.0, "percent_covered_display": "0", "missing_lines": 1, "excluded_lines": 0}, "missing_lines": [151], "excluded_lines": []}, "AuditLogger.get_audit_logs": {"executed_lines": [], "summary": {"covered_lines": 0, "num_statements": 13, "percent_covered": 0.0, "percent_covered_display": "0", "missing_lines": 13, "excluded_lines": 0}, "missing_lines": [162, 164, 165, 167, 168, 170, 171, 172, 173, 174, 175, 177, 179], "excluded_lines": []}, "AuditLogger._format_log": {"executed_lines": [], "summary": {"covered_lines": 0, "num_statements": 3, "percent_covered": 0.0, "percent_covered_display": "0", "missing_lines": 3, "excluded_lines": 0}, "missing_lines": [183, 184, 185], "excluded_lines": []}, "AuditLogger.get_user_activity_summary": {"executed_lines": [], "summary": {"covered_lines": 0, "num_statements": 4, "percent_covered": 0.0, "percent_covered_display": "0", "missing_lines": 4, "excluded_lines": 0}, "missing_lines": [189, 191, 193, 199], "excluded_lines": []}, "": {"executed_lines": [1, 4, 5, 6, 7, 10, 11, 13, 17, 45, 68, 87, 112, 148, 153, 181, 187], "summary": {"covered_lines": 15, "num_statements": 15, "percent_covered": 100.0, "percent_covered_display": "100", "missing_lines": 0, "excluded_lines": 0}, "missing_lines": [], "excluded_lines": []}}, "classes": {"AuditLogger": {"executed_lines": [14, 15, 96, 106], "summary": {"covered_lines": 4, "num_statements": 42, "percent_covered": 9.523809523809524, "percent_covered_display": "10", "missing_lines": 38, "excluded_lines": 0}, "missing_lines": [28, 40, 43, 55, 66, 76, 85, 109, 110, 115, 117, 119, 130, 131, 139, 140, 141, 151, 162, 164, 165, 167, 168, 170, 171, 172, 173, 174, 175, 177, 179, 183, 184, 185, 189, 191, 193, 199], "excluded_lines": []}, "": {"executed_lines": [1, 4, 5, 6, 7, 10, 11, 13, 17, 45, 68, 87, 112, 148, 153, 181, 187], "summary": {"covered_lines": 15, "num_statements": 15, "percent_covered": 100.0, "percent_covered_display": "100", "missing_lines": 0, "excluded_lines": 0}, "missing_lines": [], "excluded_lines": []}}}, "app\\core\\security\\auth.py": {"executed_lines": [1, 4, 5, 6, 7, 8, 9, 10, 12, 13, 16, 19, 22, 27, 32, 46, 55, 64], "summary": {"covered_lines": 17, "num_statements": 44, "percent_covered": 38.63636363636363, "percent_covered_display": "39", "missing_lines": 27, "excluded_lines": 0}, "missing_lines": [24, 29, 34, 35, 36, 38, 41, 42, 43, 48, 49, 50, 51, 52, 57, 58, 59, 60, 61, 68, 74, 75, 76, 78, 79, 80, 87], "excluded_lines": [], "functions": {"verify_password": {"executed_lines": [], "summary": {"covered_lines": 0, "num_statements": 1, "percent_covered": 0.0, "percent_covered_display": "0", "missing_lines": 1, "excluded_lines": 0}, "missing_lines": [24], "excluded_lines": []}, "get_password_hash": {"executed_lines": [], "summary": {"covered_lines": 0, "num_statements": 1, "percent_covered": 0.0, "percent_covered_display": "0", "missing_lines": 1, "excluded_lines": 0}, "missing_lines": [29], "excluded_lines": []}, "create_access_token": {"executed_lines": [], "summary": {"covered_lines": 0, "num_statements": 7, "percent_covered": 0.0, "percent_covered_display": "0", "missing_lines": 7, "excluded_lines": 0}, "missing_lines": [34, 35, 36, 38, 41, 42, 43], "excluded_lines": []}, "create_refresh_token": {"executed_lines": [], "summary": {"covered_lines": 0, "num_statements": 5, "percent_covered": 0.0, "percent_covered_display": "0", "missing_lines": 5, "excluded_lines": 0}, "missing_lines": [48, 49, 50, 51, 52], "excluded_lines": []}, "decode_token": {"executed_lines": [], "summary": {"covered_lines": 0, "num_statements": 5, "percent_covered": 0.0, "percent_covered_display": "0", "missing_lines": 5, "excluded_lines": 0}, "missing_lines": [57, 58, 59, 60, 61], "excluded_lines": []}, "get_current_user": {"executed_lines": [], "summary": {"covered_lines": 0, "num_statements": 8, "percent_covered": 0.0, "percent_covered_display": "0", "missing_lines": 8, "excluded_lines": 0}, "missing_lines": [68, 74, 75, 76, 78, 79, 80, 87], "excluded_lines": []}, "": {"executed_lines": [1, 4, 5, 6, 7, 8, 9, 10, 12, 13, 16, 19, 22, 27, 32, 46, 55, 64], "summary": {"covered_lines": 17, "num_statements": 17, "percent_covered": 100.0, "percent_covered_display": "100", "missing_lines": 0, "excluded_lines": 0}, "missing_lines": [], "excluded_lines": []}}, "classes": {"": {"executed_lines": [1, 4, 5, 6, 7, 8, 9, 10, 12, 13, 16, 19, 22, 27, 32, 46, 55, 64], "summary": {"covered_lines": 17, "num_statements": 44, "percent_covered": 38.63636363636363, "percent_covered_display": "39", "missing_lines": 27, "excluded_lines": 0}, "missing_lines": [24, 29, 34, 35, 36, 38, 41, 42, 43, 48, 49, 50, 51, 52, 57, 58, 59, 60, 61, 68, 74, 75, 76, 78, 79, 80, 87], "excluded_lines": []}}}, "app\\core\\security\\encryption.py": {"executed_lines": [], "summary": {"covered_lines": 0, "num_statements": 43, "percent_covered": 0.0, "percent_covered_display": "0", "missing_lines": 43, "excluded_lines": 0}, "missing_lines": [4, 5, 6, 7, 8, 11, 14, 15, 17, 18, 19, 22, 24, 26, 28, 30, 31, 32, 33, 35, 37, 38, 39, 41, 43, 45, 46, 56, 57, 58, 60, 62, 64, 66, 67, 77, 78, 79, 80, 81, 82, 84, 86], "excluded_lines": [], "functions": {"DataEncryption.__init__": {"executed_lines": [], "summary": {"covered_lines": 0, "num_statements": 7, "percent_covered": 0.0, "percent_covered_display": "0", "missing_lines": 7, 
[...]
cuted_lines": [], "summary": {"covered_lines": 0, "num_statements": 2, "percent_covered": 0.0, "percent_covered_display": "0", "missing_lines": 2, "excluded_lines": 0}, "missing_lines": [198, 199], "excluded_lines": []}, "LightGBMModel.build_model": {"executed_lines": [], "summary": {"covered_lines": 0, "num_statements": 1, "percent_covered": 0.0, "percent_covered_display": "0", "missing_lines": 1, "excluded_lines": 0}, "missing_lines": [203], "excluded_lines": []}, "LightGBMModel.train": {"executed_lines": [], "summary": {"covered_lines": 0, "num_statements": 13, "percent_covered": 0.0, "percent_covered_display": "0", "missing_lines": 13, "excluded_lines": 0}, "missing_lines": [214, 216, 217, 218, 220, 228, 230, 231, 233, 234, 235, 237, 238], "excluded_lines": []}, "LightGBMModel.predict": {"executed_lines": [], "summary": {"covered_lines": 0, "num_statements": 3, "percent_covered": 0.0, "percent_covered_display": "0", "missing_lines": 3, "excluded_lines": 0}, "missing_lines": [242, 243, 244], "excluded_lines": []}, "LightGBMModel.predict_proba": {"executed_lines": [], "summary": {"covered_lines": 0, "num_statements": 3, "percent_covered": 0.0, "percent_covered_display": "0", "missing_lines": 3, "excluded_lines": 0}, "missing_lines": [248, 249, 250], "excluded_lines": []}, "LightGBMModel.get_feature_importance": {"executed_lines": [], "summary": {"covered_lines": 0, "num_statements": 3, "percent_covered": 0.0, "percent_covered_display": "0", "missing_lines": 3, "excluded_lines": 0}, "missing_lines": [254, 255, 256], "excluded_lines": []}, "": {"executed_lines": [1, 4, 5, 6, 7, 8, 9, 10, 11, 12, 14, 17, 18, 20, 26, 32, 58, 64, 71, 72, 74, 80, 88, 111, 117, 123, 130, 131, 133, 137, 141, 175, 181, 187, 194, 195, 197, 201, 205, 240, 246, 252], "summary": {"covered_lines": 37, "num_statements": 37, "percent_covered": 100.0, "percent_covered_display": "100", "missing_lines": 0, "excluded_lines": 0}, "missing_lines": [], "excluded_lines": []}}, "classes": {"LogisticRegressionModel": {"executed_lines": [21, 22, 41, 42, 43, 46, 47, 49, 51, 55, 56, 60, 62, 66, 68], "summary": {"covered_lines": 15, "num_statements": 20, "percent_covered": 75.0, "percent_covered_display": "75", "missing_lines": 5, "excluded_lines": 0}, "missing_lines": [28, 52, 53, 61, 67], "excluded_lines": []}, "RandomForestModel": {"executed_lines": [75, 76, 97, 98, 99, 101, 102, 104, 108, 109, 113, 115], "summary": {"covered_lines": 12, "num_statements": 22, "percent_covered": 54.54545454545455, "percent_covered_display": "55", "missing_lines": 10, "excluded_lines": 0}, "missing_lines": [82, 105, 106, 114, 119, 120, 121, 125, 126, 127], "excluded_lines": []}, "XGBoostModel": {"executed_lines": [], "summary": {"covered_lines": 0, "num_statements": 26, "percent_covered": 0.0, "percent_covered_display": "0", "missing_lines": 26, "excluded_lines": 0}, "missing_lines": [134, 135, 139, 150, 152, 153, 154, 156, 162, 164, 165, 166, 168, 169, 170, 172, 173, 177, 178, 179, 183, 184, 185, 189, 190, 191], "excluded_lines": []}, "LightGBMModel": {"executed_lines": [], "summary": {"covered_lines": 0, "num_statements": 25, "percent_covered": 0.0, "percent_covered_display": "0", "missing_lines": 25, "excluded_lines": 0}, "missing_lines": [198, 199, 203, 214, 216, 217, 218, 220, 228, 230, 231, 233, 234, 235, 237, 238, 242, 243, 244, 248, 249, 250, 254, 255, 256], "excluded_lines": []}, "": {"executed_lines": [1, 4, 5, 6, 7, 8, 9, 10, 11, 12, 14, 17, 18, 20, 26, 32, 58, 64, 71, 72, 74, 80, 88, 111, 117, 123, 130, 131, 133, 137, 141, 175, 181, 187, 194, 195, 197, 201, 205, 240, 246, 252], "summary": {"covered_lines": 37, "num_statements": 37, "percent_covered": 100.0, "percent_covered_display": "100", "missing_lines": 0, "excluded_lines": 0}, "missing_lines": [], "excluded_lines": []}}}, "app\\services\\ml_training.py": {"executed_lines": [1, 4, 5, 6, 7, 8, 9, 18, 19, 21, 27, 30, 31, 33, 40, 68, 107, 141, 166, 214, 236], "summary": {"covered_lines": 19, "num_statements": 100, "percent_covered": 19.0, "percent_covered_display": "19", "missing_lines": 81, "excluded_lines": 0}, "missing_lines": [34, 35, 36, 37, 38, 49, 50, 53, 58, 66, 79, 80, 81, 82, 83, 84, 85, 86, 87, 88, 90, 93, 98, 101, 102, 103, 105, 116, 117, 119, 121, 122, 123, 124, 127, 130, 131, 132, 133, 135, 136, 137, 139, 150, 151, 153, 156, 160, 173, 174, 176, 179, 180, 183, 196, 197, 198, 200, 201, 202, 205, 206, 209, 210, 212, 216, 218, 219, 220, 221, 231, 232, 234, 238, 240, 249, 250, 253, 254, 255, 257], "excluded_lines": [], "functions": {"MLTrainingPipeline.__init__": {"executed_lines": [], "summary": {"covered_lines": 0, "num_statements": 5, "percent_covered": 0.0, "percent_covered_display": "0", "missing_lines": 5, "excluded_lines": 0}, "missing_lines": [34, 35, 36, 37, 38], "excluded_lines": []}, "MLTrainingPipeline.prepare_data": {"executed_lines": [], "summary": {"covered_lines": 0, "num_statements": 5, "percent_covered": 0.0, "percent_covered_display": "0", "missing_lines": 5, "excluded_lines": 0}, "missing_lines": [49, 50, 53, 58, 66], "excluded_lines": []}, "MLTrainingPipeline.train_model": {"executed_lines": [], "summary": {"covered_lines": 0, "num_statements": 17, "percent_covered": 0.0, "percent_covered_display": "0", "missing_lines": 17, "excluded_lines": 0}, "missing_lines": [79, 80, 81, 82, 83, 84, 85, 86, 87, 88, 90, 93, 98, 101, 102, 103, 105], "excluded_lines": []}, "MLTrainingPipeline.train_all_models": {"executed_lines": [], "summary": {"covered_lines": 0, "num_statements": 16, "percent_covered": 0.0, "percent_covered_display": "0", "missing_lines": 16, "excluded_lines": 0}, "missing_lines": [116, 117, 119, 121, 122, 123, 124, 127, 130, 131, 132, 133, 135, 136, 137, 139], "excluded_lines": []}, "MLTrainingPipeline.cross_validate": {"executed_lines": [], "summary": {"covered_lines": 0, "num_statements": 5, "percent_covered": 0.0, "percent_covered_display": "0", "missing_lines": 5, "excluded_lines": 0}, "missing_lines": [150, 151, 153, 156, 160], "excluded_lines": []}, "MLTrainingPipeline.evaluate_model": {"executed_lines": [], "summary": {"covered_lines": 0, "num_statements": 17, "percent_covered": 0.0, "percent_covered_display": "0", "missing_lines": 17, "excluded_lines": 0}, "missing_lines": [173, 174, 176, 179, 180, 183, 196, 197, 198, 200, 201, 202, 205, 206, 209, 210, 212], "excluded_lines": []}, "MLTrainingPipeline.compare_models": {"executed_lines": [], "summary": {"covered_lines": 0, "num_statements": 8, "percent_covered": 0.0, "percent_covered_display": "0", "missing_lines": 8, "excluded_lines": 0}, "missing_lines": [216, 218, 219, 220, 221, 231, 232, 234], "excluded_lines": []}, "MLTrainingPipeline.save_experiment": {"executed_lines": [], "summary": {"covered_lines": 0, "num_statements": 8, "percent_covered": 0.0, "percent_covered_display": "0", "missing_lines": 8, "excluded_lines": 0}, "missing_lines": [238, 240, 249, 250, 253, 254, 255, 257], "excluded_lines": []}, "": {"executed_lines": [1, 4, 5, 6, 7, 8, 9, 18, 19, 21, 27, 30, 31, 33, 40, 68, 107, 141, 166, 214, 236], "summary": {"covered_lines": 19, "num_statements": 19, "percent_covered": 100.0, "percent_covered_display": "100", "missing_lines": 0, "excluded_lines": 0}, "missing_lines": [], "excluded_lines": []}}, "classes": {"MLTrainingPipeline": {"executed_lines": [], "summary": {"covered_lines": 0, "num_statements": 81, "percent_covered": 0.0, "percent_covered_display": "0", "missing_lines": 81, "excluded_lines": 0}, "missing_lines": [34, 35, 36, 37, 38, 49, 50, 53, 58, 66, 79, 80, 81, 82, 83, 84, 85, 86, 87, 88, 90, 93, 98, 101, 102, 103, 105, 116, 117, 119, 121, 122, 123, 124, 127, 130, 131, 132, 133, 135, 136, 137, 139, 150, 151, 153, 156, 160, 173, 174, 176, 179, 180, 183, 196, 197, 198, 200, 201, 202, 205, 206, 209, 210, 212, 216, 218, 219, 220, 221, 231, 232, 234, 238, 240, 249, 250, 253, 254, 255, 257], "excluded_lines": []}, "": {"executed_lines": [1, 4, 5, 6, 7, 8, 9, 18, 19, 21, 27, 30, 31, 33, 40, 68, 107, 141, 166, 214, 236], "summary": {"covered_lines": 19, "num_statements": 19, "percent_covered": 100.0, "percent_covered_display": "100", "missing_lines": 0, "excluded_lines": 0}, "missing_lines": [], "excluded_lines": []}}}, "app\\services\\model_registry.py": {"executed_lines": [1, 4, 5, 6, 7, 8, 9, 11, 14, 15, 17, 18, 19, 20, 21, 23, 33, 35, 47, 48, 50, 52, 53, 54, 55, 57, 64, 65, 68, 69, 71, 73, 75, 78, 83, 85, 87, 91, 93, 94, 96, 97, 100, 102, 104, 105, 106], "summary": {"covered_lines": 45, "num_statements": 47, "percent_covered": 95.74468085106383, "percent_covered_display": "96", "missing_lines": 2, "excluded_lines": 0}, "missing_lines": [66, 76], "excluded_lines": [], "functions": {"ModelRegistry.__init__": {"executed_lines": [18, 19, 20, 21], "summary": {"covered_lines": 4, "num_statements": 4, "percent_covered": 100.0, "percent_covered_display": "100", "missing_lines": 0, "excluded_lines": 0}, "missing_lines": [], "excluded_lines": []}, "ModelRegistry.register_model": {"executed_lines": [33, 35, 47, 48], "summary": {"covered_lines": 4, "num_statements": 4, "percent_covered": 100.0, "percent_covered_display": "100", "missing_lines": 0, "excluded_lines": 0}, "missing_lines": [], "excluded_lines": []}, "ModelRegistry.get_model": {"executed_lines": [52, 53, 54, 55], "summary": {"covered_lines": 4, "num_statements": 4, "percent_covered": 100.0, "percent_covered_display": "100", "missing_lines": 0, "excluded_lines": 0}, "missing_lines": [], "excluded_lines": []}, "ModelRegistry.list_models": {"executed_lines": [64, 65, 68, 69], "summary": {"covered_lines": 4, "num_statements": 5, "percent_covered": 80.0, "percent_covered_display": "80", "missing_lines": 1, "excluded_lines": 0}, "missing_lines": [66], "excluded_lines": []}, "ModelRegistry.get_best_model": {"executed_lines": [73, 75, 78, 83], "summary": {"covered_lines": 4, "num_statements": 5, "percent_covered": 80.0, "percent_covered_display": "80", "missing_lines": 1, "excluded_lines": 0}, "missing_lines": [76], "excluded_lines": []}, "ModelRegistry.update_model_status": {"executed_lines": [87], "summary": {"covered_lines": 1, "num_statements": 1, "percent_covered": 100.0, "percent_covered_display": "100", "missing_lines": 0, "excluded_lines": 0}, "missing_lines": [], "excluded_lines": []}, "ModelRegistry.delete_model": {"executed_lines": [93, 94, 96, 97, 100], "summary": {"covered_lines": 5, "num_statements": 5, "percent_covered": 100.0, "percent_covered_display": "100", "missing_lines": 0, "excluded_lines": 0}, "missing_lines": [], "excluded_lines": []}, "ModelRegistry._format_result": {"executed_lines": [104, 105, 106], "summary": {"covered_lines": 3, "num_statements": 3, "percent_covered": 100.0, "percent_covered_display": "100", "missing_lines": 0, "excluded_lines": 0}, "missing_lines": [], "excluded_lines": []}, "": {"executed_lines": [1, 4, 5, 6, 7, 8, 9, 11, 14, 15, 17, 23, 50, 57, 71, 85, 91, 102], "summary": {"covered_lines": 16, "num_statements": 16, "percent_covered": 100.0, "percent_covered_display": "100", "missing_lines": 0, "excluded_lines": 0}, "missing_lines": [], "excluded_lines": []}}, "classes": {"ModelRegistry": {"executed_lines": [18, 19, 20, 21, 33, 35, 47, 48, 52, 53, 54, 55, 64, 65, 68, 69, 73, 75, 78, 83, 87, 93, 94, 96, 97, 100, 104, 105, 106], "summary": {"covered_lines": 29, "num_statements": 31, "percent_covered": 93.54838709677419, "percent_covered_display": "94", "missing_lines": 2, "excluded_lines": 0}, "missing_lines": [66, 76], "excluded_lines": []}, "": {"executed_lines": [1, 4, 5, 6, 7, 8, 9, 11, 14, 15, 17, 23, 50, 57, 71, 85, 91, 102], "summary": {"covered_lines": 16, "num_statements": 16, "percent_covered": 100.0, "percent_covered_display": "100", "missing_lines": 0, "excluded_lines": 0}, "missing_lines": [], "excluded_lines": []}}}, "app\\services\\synthetic_data_generator.py": {"executed_lines": [1, 7, 8, 9, 10, 11, 12, 13, 14, 16, 17, 18, 19, 20, 21, 22, 25, 26, 31, 32, 33, 34, 37, 69, 87, 106, 113, 117, 119, 120, 123, 125, 130, 133, 134, 137, 140, 144, 157, 158, 159, 160, 164, 176, 178, 180, 182, 183, 198, 204, 205, 206, 207, 209, 212, 213, 214, 215, 217, 220, 221, 225, 228, 231, 234, 236, 241, 242, 244, 257, 259, 261, 263, 265, 267, 268, 269, 271, 280, 281, 282, 283, 284, 286, 287, 288, 290, 291, 292, 293, 295, 296, 297, 298, 299, 301, 302, 303, 305, 306, 307, 308, 312, 313, 317, 319, 321, 323, 325, 326, 327, 329, 342, 343, 345, 346, 347, 352, 360, 363, 364, 365, 366, 367, 368, 378, 381, 382, 383, 384, 385, 388, 389, 390, 391, 393, 396, 399, 401, 403, 405, 407, 409, 411, 412, 413, 423, 425, 427, 428, 429, 430, 431, 433, 434, 437, 438, 439, 440, 442, 443, 446, 447, 449, 450, 453, 454, 455, 459, 460, 461, 462, 463, 465, 467, 469, 471, 473, 480, 481, 482, 485, 488, 489, 490, 505, 506, 507, 508, 523, 524, 525, 526, 541, 542, 543, 556, 562, 564, 578, 582, 585, 588, 595, 597, 598, 600, 601, 604, 608, 609, 611, 613, 615, 617, 619, 621, 622, 624, 626, 627, 631, 639, 641, 642, 643, 644, 647, 648, 649, 650, 653, 654, 655, 656, 659, 660, 661, 662, 664, 666, 668, 672, 673, 680, 681, 683, 684, 686, 687, 689, 690, 692, 693, 695, 696, 698, 699, 701, 703, 713], "summary": {"covered_lines": 259, "num_statements": 289, "percent_covered": 89.61937716262976, "percent_covered_display": "90", "missing_lines": 30, "excluded_lines": 0}, "missing_lines": [715, 718, 719, 728, 730, 733, 734, 755, 757, 760, 761, 781, 783, 786, 787, 802, 804, 807, 808, 822, 824, 827, 828, 847, 849, 852, 853, 869, 871, 873], "excluded_lines": [], "functions": {"EsophagealCancerSyntheticData.__init__": {"executed_lines": [32, 33, 34, 37, 69, 87, 106], "summary": {"covered_lines": 7, "num_statements": 7, "percent_covered": 100.0, "percent_covered_display": "100", "missing_lines": 0, "excluded_lines": 0}, "missing_lines": [], "excluded_lines": []}, "EsophagealCancerSyntheticData.generate_patient_demographics": {"executed_lines": [117, 119, 120, 123, 125, 130, 133, 134, 137, 140, 144, 157, 158, 159, 160, 164, 176], "summary": {"covered_lines": 17, "num_statements": 17, "percent_covered": 100.0, "percent_covered_display": "100", "missing_lines": 0, "excluded_lines": 0}, "missing_lines": [], "excluded_lines": []}, "EsophagealCancerSyntheticData.generate_clinical_data": {"executed_lines": [180, 182, 183, 198, 204, 205, 206, 207, 209, 212, 213, 214, 215, 217, 220, 221, 225, 228, 231, 234, 236, 241, 242, 244, 257, 259], "summary": {"covered_lines": 26, "num_statements": 26, "percent_covered": 100.0, "percent_covered_display": "100", "missing_lines": 0, "excluded_lines": 0}, "missing_lines": [], "excluded_lines": []}, "EsophagealCancerSyntheticData.generate_lab_results": {"executed_lines": [263, 265, 267, 268, 269, 271, 280, 281, 282, 283, 284, 286, 287, 288, 290, 291, 292, 293, 295, 296, 297, 298, 299, 301, 302, 303, 305, 306, 307, 308, 312, 313, 317, 319], "summary": {"covered_lines": 34, "num_statements": 34, "percent_covered": 100.0, "percent_covered_display": "100", "missing_lines": 0, "excluded_lines": 0}, "missing_lines": [], "excluded_lines": []}, "EsophagealCancerSyntheticData.generate_genomic_data": {"executed_lines": [323, 325, 326, 327, 329, 342, 343, 345, 346, 347, 352, 360, 363, 364, 365, 366, 367, 368, 378, 381, 382, 383, 384, 385, 388, 389, 390, 391, 393, 396, 399, 401, 403], "summary": {"covered_lines": 33, "num_statements": 33, "percent_covered": 100.0, "percent_covered_display": "100", "missing_lines": 0, "excluded_lines": 0}, "missing_lines": [], "excluded_lines": []}, "EsophagealCancerSyntheticData.generate_imaging_data": {"executed_lines": [407, 409, 411, 412, 413, 423, 425, 427, 428, 429, 430, 431, 433, 434, 437, 438, 439, 440, 442, 443, 446, 447, 449, 450, 453, 454, 455, 459, 460, 461, 462, 463, 465, 467], "summary": {"covered_lines": 34, "num_statements": 34, "percent_covered": 100.0, "percent_covered_display": "100", "missing_lines": 0, "excluded_lines": 0}, "missing_lines": [], "excluded_lines": []}, "EsophagealCancerSyntheticData.generate_treatment_data": {"executed_lines": [471, 473, 480, 481, 482, 485, 488, 489, 490, 505, 506, 507, 508, 523, 524, 525, 526, 541, 542, 543, 556, 562, 564, 578, 582, 585, 588, 595, 597, 598, 600, 601, 604, 608, 609, 611, 613], "summary": {"covered_lines": 37, "num_statements": 37, "percent_covered": 100.0, "percent_covered_display": "100", "missing_lines": 0, "excluded_lines": 0}, "missing_lines": [], "excluded_lines": []}, "EsophagealCancerSyntheticData.generate_quality_of_life_data": {"executed_lines": [617, 619, 621, 622, 624, 626, 627, 631, 639, 641, 642, 643, 644, 647, 648, 649, 650, 653, 654, 655, 656, 659, 660, 661, 662, 664, 666], "summary": {"covered_lines": 27, "num_statements": 27, "percent_covered": 100.0, "percent_covered_display": "100", "missing_lines": 0, "excluded_lines": 0}, "missing_lines": [], "excluded_lines": []}, "EsophagealCancerSyntheticData.generate_all_data": {"executed_lines": [672, 673, 680, 681, 683, 684, 686, 687, 689, 690, 692, 693, 695, 696, 698, 699, 701, 703], "summary": {"covered_lines": 18, "num_statements": 18, "percent_covered": 100.0, "percent_covered_display": "100", "missing_lines": 0, "excluded_lines": 0}, "missing_lines": [], "excluded_lines": []}, "EsophagealCancerSyntheticData.save_to_database": {"executed_lines": [], "summary": {"covered_lines": 0, "num_statements": 30, "percent_covered": 0.0, "percent_covered_display": "0", "missing_lines": 30, "excluded_lines": 0}, "missing_lines": [715, 718, 719, 728, 730, 733, 734, 755, 757, 760, 761, 781, 783, 786, 787, 802, 804, 807, 808, 822, 824, 827, 828, 847, 849, 852, 853, 869, 871, 873], "excluded_lines": []}, "": {"executed_lines": [1, 7, 8, 9, 10, 11, 12, 13, 14, 16, 17, 18, 19, 20, 21, 22, 25, 26, 31, 113, 178, 261, 321, 405, 469, 615, 668, 713], "summary": {"covered_lines": 26, "num_statements": 26, "percent_covered": 100.0, "percent_covered_display": "100", "missing_lines": 0, "excluded_lines": 0}, "missing_lines": [], "excluded_lines": []}}, "classes": {"EsophagealCancerSyntheticData": {"executed_lines": [32, 33, 34, 37, 69, 87, 106, 117, 119, 120, 123, 125, 130, 133, 134, 137, 140, 144, 157, 158, 159, 160, 164, 176, 180, 182, 183, 198, 204, 205, 206, 207, 209, 212, 213, 214, 215, 217, 220, 221, 225, 228, 231, 234, 236, 241, 242, 244, 257, 259, 263, 265, 267, 268, 269, 271, 280, 281, 282, 283, 284, 286, 287, 288, 290, 291, 292, 293, 295, 296, 297, 298, 299, 301, 302, 303, 305, 306, 307, 308, 312, 313, 317, 319, 323, 325, 326, 327, 329, 342, 343, 345, 346, 347, 352, 360, 363, 364, 365, 366, 367, 368, 378, 381, 382, 383, 384, 385, 388, 389, 390, 391, 393, 396, 399, 401, 403, 407, 409, 411, 412, 413, 423, 425, 427, 428, 429, 430, 431, 433, 434, 437, 438, 439, 440, 442, 443, 446, 447, 449, 450, 453, 454, 455, 459, 460, 461, 462, 463, 465, 467, 471, 473, 480, 481, 482, 485, 488, 489, 490, 505, 506, 507, 508, 523, 524, 525, 526, 541, 542, 543, 556, 562, 564, 578, 582, 585, 588, 595, 597, 598, 600, 601, 604, 608, 609, 611, 613, 617, 619, 621, 622, 624, 626, 627, 631, 639, 641, 642, 643, 644, 647, 648, 649, 650, 653, 654, 655, 656, 659, 660, 661, 662, 664, 666, 672, 673, 680, 681, 683, 684, 686, 687, 689, 690, 692, 693, 695, 696, 698, 699, 701, 703], "summary": {"covered_lines": 233, "num_statements": 263, "percent_covered": 88.59315589353612, "percent_covered_display": "89", "missing_lines": 30, "excluded_lines": 0}, "missing_lines": [715, 718, 719, 728, 730, 733, 734, 755, 757, 760, 761, 781, 783, 786, 787, 802, 804, 807, 808, 822, 824, 827, 828, 847, 849, 852, 853, 869, 871, 873], "excluded_lines": []}, "": {"executed_lines": [1, 7, 8, 9, 10, 11, 12, 13, 14, 16, 17, 18, 19, 20, 21, 22, 25, 26, 31, 113, 178, 261, 321, 405, 469, 615, 668, 713], "summary": {"covered_lines": 26, "num_statements": 26, "percent_covered": 100.0, "percent_covered_display": "100", "missing_lines": 0, "excluded_lines": 0}, "missing_lines": [], "excluded_lines": []}}}}, "totals": {"covered_lines": 1940, "num_statements": 4195, "percent_covered": 46.24553039332539, "percent_covered_display": "46", "missing_lines": 2255, "excluded_lines": 27}}